{"/home/travis/build/npmtest/node-npmtest-neo4j/test.js":{"path":"/home/travis/build/npmtest/node-npmtest-neo4j/test.js","s":{"1":2,"2":2,"3":2,"4":2,"5":2,"6":2,"7":2,"8":1,"9":2,"10":2,"11":1,"12":1,"13":1,"14":1,"15":2,"16":2,"17":2,"18":2,"19":1,"20":1,"21":2,"22":2,"23":2,"24":1,"25":1,"26":1,"27":1,"28":1,"29":1,"30":1,"31":1,"32":1,"33":1,"34":1,"35":1,"36":1,"37":1,"38":1,"39":2,"40":2,"41":1,"42":2,"43":2,"44":1,"45":2,"46":2,"47":1,"48":2,"49":2,"50":1,"51":1,"52":1,"53":1,"54":1},"b":{"1":[2,1,1,1],"2":[1,1,1,1],"3":[1,1],"4":[1,1],"5":[1,1],"6":[1,1],"7":[1,1],"8":[1,1],"9":[1,1],"10":[1,1,1],"11":[1,1],"12":[1,1],"13":[1,1],"14":[1,1],"15":[1,1],"16":[1,1],"17":[1,1]},"f":{"1":2,"2":2,"3":2,"4":2,"5":2,"6":1,"7":1,"8":1,"9":2,"10":2,"11":2,"12":2,"13":1},"fnMap":{"1":{"name":"(anonymous_1)","line":12,"loc":{"start":{"line":12,"column":1},"end":{"line":12,"column":13}}},"2":{"name":"(anonymous_2)","line":19,"loc":{"start":{"line":19,"column":5},"end":{"line":19,"column":17}}},"3":{"name":"(anonymous_3)","line":23,"loc":{"start":{"line":23,"column":24},"end":{"line":23,"column":36}}},"4":{"name":"(anonymous_4)","line":61,"loc":{"start":{"line":61,"column":5},"end":{"line":61,"column":17}}},"5":{"name":"(anonymous_5)","line":82,"loc":{"start":{"line":82,"column":5},"end":{"line":82,"column":17}}},"6":{"name":"(anonymous_6)","line":91,"loc":{"start":{"line":91,"column":77},"end":{"line":94,"column":10}}},"7":{"name":"(anonymous_7)","line":112,"loc":{"start":{"line":112,"column":83},"end":{"line":115,"column":10}},"skip":true},"8":{"name":"(anonymous_8)","line":123,"loc":{"start":{"line":123,"column":77},"end":{"line":126,"column":10}},"skip":true},"9":{"name":"(anonymous_9)","line":139,"loc":{"start":{"line":139,"column":12},"end":{"line":139,"column":40}},"skip":true},"10":{"name":"(anonymous_10)","line":147,"loc":{"start":{"line":147,"column":77},"end":{"line":150,"column":10}},"skip":true},"11":{"name":"(anonymous_11)","line":158,"loc":{"start":{"line":158,"column":83},"end":{"line":161,"column":10}},"skip":true},"12":{"name":"(anonymous_12)","line":169,"loc":{"start":{"line":169,"column":79},"end":{"line":172,"column":10}},"skip":true},"13":{"name":"(anonymous_13)","line":180,"loc":{"start":{"line":180,"column":75},"end":{"line":183,"column":10}},"skip":true}},"statementMap":{"1":{"start":{"line":12,"column":0},"end":{"line":195,"column":5}},"2":{"start":{"line":14,"column":4},"end":{"line":14,"column":14}},"3":{"start":{"line":19,"column":4},"end":{"line":56,"column":9}},"4":{"start":{"line":21,"column":8},"end":{"line":21,"column":19}},"5":{"start":{"line":23,"column":8},"end":{"line":35,"column":13}},"6":{"start":{"line":24,"column":12},"end":{"line":34,"column":13}},"7":{"start":{"line":25,"column":16},"end":{"line":28,"column":30}},"8":{"start":{"line":30,"column":16},"end":{"line":33,"column":27}},"9":{"start":{"line":37,"column":8},"end":{"line":39,"column":21}},"10":{"start":{"line":40,"column":8},"end":{"line":53,"column":9}},"11":{"start":{"line":43,"column":12},"end":{"line":46,"column":14}},"12":{"start":{"line":47,"column":12},"end":{"line":47,"column":18}},"13":{"start":{"line":50,"column":12},"end":{"line":51,"column":46}},"14":{"start":{"line":52,"column":12},"end":{"line":52,"column":18}},"15":{"start":{"line":55,"column":8},"end":{"line":55,"column":35}},"16":{"start":{"line":61,"column":4},"end":{"line":63,"column":9}},"17":{"start":{"line":62,"column":8},"end":{"line":62,"column":15}},"18":{"start":{"line":64,"column":4},"end":{"line":77,"column":5}},"19":{"start":{"line":70,"column":8},"end":{"line":70,"column":14}},"20":{"start":{"line":76,"column":8},"end":{"line":76,"column":14}},"21":{"start":{"line":82,"column":4},"end":{"line":84,"column":9}},"22":{"start":{"line":83,"column":8},"end":{"line":83,"column":15}},"23":{"start":{"line":85,"column":4},"end":{"line":194,"column":5}},"24":{"start":{"line":91,"column":8},"end":{"line":99,"column":10}},"25":{"start":{"line":98,"column":12},"end":{"line":98,"column":35}},"26":{"start":{"line":102,"column":8},"end":{"line":104,"column":63}},"27":{"start":{"line":105,"column":8},"end":{"line":105,"column":14}},"28":{"start":{"line":112,"column":8},"end":{"line":121,"column":10},"skip":true},"29":{"start":{"line":119,"column":12},"end":{"line":119,"column":55},"skip":true},"30":{"start":{"line":120,"column":12},"end":{"line":120,"column":48},"skip":true},"31":{"start":{"line":123,"column":8},"end":{"line":136,"column":10},"skip":true},"32":{"start":{"line":130,"column":12},"end":{"line":130,"column":76},"skip":true},"33":{"start":{"line":131,"column":12},"end":{"line":131,"column":73},"skip":true},"34":{"start":{"line":132,"column":12},"end":{"line":132,"column":74},"skip":true},"35":{"start":{"line":133,"column":12},"end":{"line":133,"column":79},"skip":true},"36":{"start":{"line":134,"column":12},"end":{"line":134,"column":25},"skip":true},"37":{"start":{"line":135,"column":12},"end":{"line":135,"column":45},"skip":true},"38":{"start":{"line":138,"column":8},"end":{"line":145,"column":14},"skip":true},"39":{"start":{"line":143,"column":16},"end":{"line":143,"column":29},"skip":true},"40":{"start":{"line":144,"column":16},"end":{"line":144,"column":55},"skip":true},"41":{"start":{"line":147,"column":8},"end":{"line":156,"column":10},"skip":true},"42":{"start":{"line":154,"column":12},"end":{"line":154,"column":25},"skip":true},"43":{"start":{"line":155,"column":12},"end":{"line":155,"column":45},"skip":true},"44":{"start":{"line":158,"column":8},"end":{"line":167,"column":10},"skip":true},"45":{"start":{"line":165,"column":12},"end":{"line":165,"column":25},"skip":true},"46":{"start":{"line":166,"column":12},"end":{"line":166,"column":48},"skip":true},"47":{"start":{"line":169,"column":8},"end":{"line":178,"column":10},"skip":true},"48":{"start":{"line":176,"column":12},"end":{"line":176,"column":25},"skip":true},"49":{"start":{"line":177,"column":12},"end":{"line":177,"column":46},"skip":true},"50":{"start":{"line":180,"column":8},"end":{"line":189,"column":10},"skip":true},"51":{"start":{"line":187,"column":12},"end":{"line":187,"column":94},"skip":true},"52":{"start":{"line":188,"column":12},"end":{"line":188,"column":48},"skip":true},"53":{"start":{"line":192,"column":8},"end":{"line":192,"column":35},"skip":true},"54":{"start":{"line":193,"column":8},"end":{"line":193,"column":14},"skip":true}},"branchMap":{"1":{"line":25,"type":"binary-expr","locations":[{"start":{"line":25,"column":23},"end":{"line":25,"column":62}},{"start":{"line":26,"column":20},"end":{"line":26,"column":70}},{"start":{"line":27,"column":20},"end":{"line":27,"column":71}},{"start":{"line":28,"column":20},"end":{"line":28,"column":29}}]},"2":{"line":30,"type":"binary-expr","locations":[{"start":{"line":30,"column":23},"end":{"line":30,"column":37}},{"start":{"line":31,"column":20},"end":{"line":31,"column":61}},{"start":{"line":32,"column":20},"end":{"line":32,"column":70}},{"start":{"line":33,"column":20},"end":{"line":33,"column":26}}]},"3":{"line":37,"type":"cond-expr","locations":[{"start":{"line":38,"column":14},"end":{"line":38,"column":20}},{"start":{"line":39,"column":14},"end":{"line":39,"column":20}}]},"4":{"line":40,"type":"switch","locations":[{"start":{"line":42,"column":8},"end":{"line":47,"column":18}},{"start":{"line":49,"column":8},"end":{"line":52,"column":18}}]},"5":{"line":44,"type":"binary-expr","locations":[{"start":{"line":44,"column":16},"end":{"line":44,"column":44}},{"start":{"line":44,"column":48},"end":{"line":44,"column":66}}]},"6":{"line":50,"type":"binary-expr","locations":[{"start":{"line":50,"column":21},"end":{"line":50,"column":49}},{"start":{"line":50,"column":53},"end":{"line":50,"column":72}}]},"7":{"line":64,"type":"switch","locations":[{"start":{"line":69,"column":4},"end":{"line":70,"column":14}},{"start":{"line":75,"column":4},"end":{"line":76,"column":14}}]},"8":{"line":85,"type":"switch","locations":[{"start":{"line":90,"column":4},"end":{"line":105,"column":14}},{"start":{"line":111,"column":4},"end":{"line":193,"column":14},"skip":true}]},"9":{"line":91,"type":"binary-expr","locations":[{"start":{"line":91,"column":42},"end":{"line":91,"column":73}},{"start":{"line":91,"column":77},"end":{"line":99,"column":9}}]},"10":{"line":102,"type":"binary-expr","locations":[{"start":{"line":102,"column":18},"end":{"line":102,"column":32}},{"start":{"line":103,"column":12},"end":{"line":103,"column":53}},{"start":{"line":104,"column":12},"end":{"line":104,"column":61}}]},"11":{"line":112,"type":"binary-expr","locations":[{"start":{"line":112,"column":45},"end":{"line":112,"column":79},"skip":true},{"start":{"line":112,"column":83},"end":{"line":121,"column":9},"skip":true}]},"12":{"line":123,"type":"binary-expr","locations":[{"start":{"line":123,"column":42},"end":{"line":123,"column":73},"skip":true},{"start":{"line":123,"column":77},"end":{"line":136,"column":9},"skip":true}]},"13":{"line":138,"type":"binary-expr","locations":[{"start":{"line":138,"column":48},"end":{"line":138,"column":85},"skip":true},{"start":{"line":139,"column":12},"end":{"line":145,"column":13},"skip":true}]},"14":{"line":147,"type":"binary-expr","locations":[{"start":{"line":147,"column":42},"end":{"line":147,"column":73},"skip":true},{"start":{"line":147,"column":77},"end":{"line":156,"column":9},"skip":true}]},"15":{"line":158,"type":"binary-expr","locations":[{"start":{"line":158,"column":45},"end":{"line":158,"column":79},"skip":true},{"start":{"line":158,"column":83},"end":{"line":167,"column":9},"skip":true}]},"16":{"line":169,"type":"binary-expr","locations":[{"start":{"line":169,"column":43},"end":{"line":169,"column":75},"skip":true},{"start":{"line":169,"column":79},"end":{"line":178,"column":9},"skip":true}]},"17":{"line":180,"type":"binary-expr","locations":[{"start":{"line":180,"column":41},"end":{"line":180,"column":71},"skip":true},{"start":{"line":180,"column":75},"end":{"line":189,"column":9},"skip":true}]}},"code":["/* istanbul instrument in package npmtest_neo4j */","/*jslint","    bitwise: true,","    browser: true,","    maxerr: 8,","    maxlen: 96,","    node: true,","    nomen: true,","    regexp: true,","    stupid: true","*/","(function () {","    'use strict';","    var local;","","","","    // run shared js-env code - pre-init","    (function () {","        // init local","        local = {};","        // init modeJs","        local.modeJs = (function () {","            try {","                return typeof navigator.userAgent === 'string' &&","                    typeof document.querySelector('body') === 'object' &&","                    typeof XMLHttpRequest.prototype.open === 'function' &&","                    'browser';","            } catch (errorCaughtBrowser) {","                return module.exports &&","                    typeof process.versions.node === 'string' &&","                    typeof require('http').createServer === 'function' &&","                    'node';","            }","        }());","        // init global","        local.global = local.modeJs === 'browser'","            ? window","            : global;","        switch (local.modeJs) {","        // re-init local from window.local","        case 'browser':","            local = local.global.utility2.objectSetDefault(","                local.global.utility2_rollup || local.global.local,","                local.global.utility2","            );","            break;","        // re-init local from example.js","        case 'node':","            local = (local.global.utility2_rollup || require('utility2'))","                .requireExampleJsFromReadme();","            break;","        }","        // export local","        local.global.local = local;","    }());","","","","    // run shared js-env code - function","    (function () {","        return;","    }());","    switch (local.modeJs) {","","","","    // run browser js-env code - function","    case 'browser':","        break;","","","","    // run node js-env code - function","    case 'node':","        break;","    }","","","","    // run shared js-env code - post-init","    (function () {","        return;","    }());","    switch (local.modeJs) {","","","","    // run browser js-env code - post-init","    case 'browser':","        local.testCase_browser_nullCase = local.testCase_browser_nullCase || function (","            options,","            onError","        ) {","        /*","         * this function will test browsers's null-case handling-behavior-behavior","         */","            onError(null, options);","        };","","        // run tests","        local.nop(local.modeTest &&","            document.querySelector('#testRunButton1') &&","            document.querySelector('#testRunButton1').click());","        break;","","","","    // run node js-env code - post-init","    /* istanbul ignore next */","    case 'node':","        local.testCase_buildApidoc_default = local.testCase_buildApidoc_default || function (","            options,","            onError","        ) {","        /*","         * this function will test buildApidoc's default handling-behavior-behavior","         */","            options = { modulePathList: module.paths };","            local.buildApidoc(options, onError);","        };","","        local.testCase_buildApp_default = local.testCase_buildApp_default || function (","            options,","            onError","        ) {","        /*","         * this function will test buildApp's default handling-behavior-behavior","         */","            local.testCase_buildReadme_default(options, local.onErrorThrow);","            local.testCase_buildLib_default(options, local.onErrorThrow);","            local.testCase_buildTest_default(options, local.onErrorThrow);","            local.testCase_buildCustomOrg_default(options, local.onErrorThrow);","            options = [];","            local.buildApp(options, onError);","        };","","        local.testCase_buildCustomOrg_default = local.testCase_buildCustomOrg_default ||","            function (options, onError) {","            /*","             * this function will test buildCustomOrg's default handling-behavior","             */","                options = {};","                local.buildCustomOrg(options, onError);","            };","","        local.testCase_buildLib_default = local.testCase_buildLib_default || function (","            options,","            onError","        ) {","        /*","         * this function will test buildLib's default handling-behavior","         */","            options = {};","            local.buildLib(options, onError);","        };","","        local.testCase_buildReadme_default = local.testCase_buildReadme_default || function (","            options,","            onError","        ) {","        /*","         * this function will test buildReadme's default handling-behavior-behavior","         */","            options = {};","            local.buildReadme(options, onError);","        };","","        local.testCase_buildTest_default = local.testCase_buildTest_default || function (","            options,","            onError","        ) {","        /*","         * this function will test buildTest's default handling-behavior","         */","            options = {};","            local.buildTest(options, onError);","        };","","        local.testCase_webpage_default = local.testCase_webpage_default || function (","            options,","            onError","        ) {","        /*","         * this function will test webpage's default handling-behavior","         */","            options = { modeCoverageMerge: true, url: local.serverLocalHost + '?modeTest=1' };","            local.browserTest(options, onError);","        };","","        // run test-server","        local.testRunServer(local);","        break;","    }","}());",""],"l":{"12":2,"14":2,"19":2,"21":2,"23":2,"24":2,"25":2,"30":1,"37":2,"40":2,"43":1,"47":1,"50":1,"52":1,"55":2,"61":2,"62":2,"64":2,"70":1,"76":1,"82":2,"83":2,"85":2,"91":1,"98":1,"102":1,"105":1,"112":1,"119":1,"120":1,"123":1,"130":1,"131":1,"132":1,"133":1,"134":1,"135":1,"138":1,"143":2,"144":2,"147":1,"154":2,"155":2,"158":1,"165":2,"166":2,"169":1,"176":2,"177":2,"180":1,"187":1,"188":1,"192":1,"193":1}},"/home/travis/build/npmtest/node-npmtest-neo4j/lib.npmtest_neo4j.js":{"path":"/home/travis/build/npmtest/node-npmtest-neo4j/lib.npmtest_neo4j.js","s":{"1":2,"2":2,"3":2,"4":2,"5":2,"6":2,"7":2,"8":1,"9":2,"10":2,"11":2,"12":2,"13":1,"14":1,"15":1,"16":1},"b":{"1":[2,1,1,1],"2":[1,1,1,1],"3":[1,1],"4":[2,2],"5":[1,1]},"f":{"1":2,"2":2,"3":2},"fnMap":{"1":{"name":"(anonymous_1)","line":12,"loc":{"start":{"line":12,"column":1},"end":{"line":12,"column":13}}},"2":{"name":"(anonymous_2)","line":19,"loc":{"start":{"line":19,"column":5},"end":{"line":19,"column":17}}},"3":{"name":"(anonymous_3)","line":23,"loc":{"start":{"line":23,"column":24},"end":{"line":23,"column":36}}}},"statementMap":{"1":{"start":{"line":12,"column":0},"end":{"line":53,"column":5}},"2":{"start":{"line":14,"column":4},"end":{"line":14,"column":14}},"3":{"start":{"line":19,"column":4},"end":{"line":52,"column":9}},"4":{"start":{"line":21,"column":8},"end":{"line":21,"column":19}},"5":{"start":{"line":23,"column":8},"end":{"line":35,"column":13}},"6":{"start":{"line":24,"column":12},"end":{"line":34,"column":13}},"7":{"start":{"line":25,"column":16},"end":{"line":28,"column":30}},"8":{"start":{"line":30,"column":16},"end":{"line":33,"column":27}},"9":{"start":{"line":37,"column":8},"end":{"line":39,"column":21}},"10":{"start":{"line":41,"column":8},"end":{"line":41,"column":54}},"11":{"start":{"line":43,"column":8},"end":{"line":43,"column":50}},"12":{"start":{"line":45,"column":8},"end":{"line":51,"column":9}},"13":{"start":{"line":46,"column":12},"end":{"line":46,"column":56}},"14":{"start":{"line":48,"column":12},"end":{"line":48,"column":35}},"15":{"start":{"line":49,"column":12},"end":{"line":49,"column":49}},"16":{"start":{"line":50,"column":12},"end":{"line":50,"column":43}}},"branchMap":{"1":{"line":25,"type":"binary-expr","locations":[{"start":{"line":25,"column":23},"end":{"line":25,"column":62}},{"start":{"line":26,"column":20},"end":{"line":26,"column":70}},{"start":{"line":27,"column":20},"end":{"line":27,"column":71}},{"start":{"line":28,"column":20},"end":{"line":28,"column":29}}]},"2":{"line":30,"type":"binary-expr","locations":[{"start":{"line":30,"column":23},"end":{"line":30,"column":37}},{"start":{"line":31,"column":20},"end":{"line":31,"column":61}},{"start":{"line":32,"column":20},"end":{"line":32,"column":70}},{"start":{"line":33,"column":20},"end":{"line":33,"column":26}}]},"3":{"line":37,"type":"cond-expr","locations":[{"start":{"line":38,"column":14},"end":{"line":38,"column":20}},{"start":{"line":39,"column":14},"end":{"line":39,"column":20}}]},"4":{"line":41,"type":"binary-expr","locations":[{"start":{"line":41,"column":16},"end":{"line":41,"column":44}},{"start":{"line":41,"column":48},"end":{"line":41,"column":53}}]},"5":{"line":45,"type":"if","locations":[{"start":{"line":45,"column":8},"end":{"line":45,"column":8}},{"start":{"line":45,"column":8},"end":{"line":45,"column":8}}]}},"code":["/* istanbul instrument in package npmtest_neo4j */","/*jslint","    bitwise: true,","    browser: true,","    maxerr: 8,","    maxlen: 96,","    node: true,","    nomen: true,","    regexp: true,","    stupid: true","*/","(function () {","    'use strict';","    var local;","","","","    // run shared js-env code - pre-init","    (function () {","        // init local","        local = {};","        // init modeJs","        local.modeJs = (function () {","            try {","                return typeof navigator.userAgent === 'string' &&","                    typeof document.querySelector('body') === 'object' &&","                    typeof XMLHttpRequest.prototype.open === 'function' &&","                    'browser';","            } catch (errorCaughtBrowser) {","                return module.exports &&","                    typeof process.versions.node === 'string' &&","                    typeof require('http').createServer === 'function' &&","                    'node';","            }","        }());","        // init global","        local.global = local.modeJs === 'browser'","            ? window","            : global;","        // init utility2_rollup","        local = local.global.utility2_rollup || local;","        // init lib","        local.local = local.npmtest_neo4j = local;","        // init exports","        if (local.modeJs === 'browser') {","            local.global.utility2_npmtest_neo4j = local;","        } else {","            module.exports = local;","            module.exports.__dirname = __dirname;","            module.exports.module = module;","        }","    }());","}());",""],"l":{"12":2,"14":2,"19":2,"21":2,"23":2,"24":2,"25":2,"30":1,"37":2,"41":2,"43":2,"45":2,"46":1,"48":1,"49":1,"50":1}},"/home/travis/build/npmtest/node-npmtest-neo4j/example.js":{"path":"/home/travis/build/npmtest/node-npmtest-neo4j/example.js","s":{"1":2,"2":2,"3":2,"4":2,"5":2,"6":2,"7":2,"8":1,"9":2,"10":2,"11":2,"12":2,"13":1,"14":2,"15":2,"16":2,"17":2,"18":2,"19":0,"20":2,"21":1,"22":1,"23":1,"24":1,"25":1,"26":0,"27":0,"28":1,"29":1,"30":2,"31":0,"32":0,"33":0,"34":1,"35":2,"36":2,"37":3,"38":3,"39":3,"40":3,"41":0,"42":3,"43":3,"44":3,"45":1,"46":3,"47":1,"48":1,"49":1,"50":1,"51":1,"52":1,"53":1,"54":1,"55":1,"56":1,"57":0,"58":1,"59":6,"60":6,"61":1,"62":2,"63":0,"64":2,"65":1,"66":1,"67":0,"68":0,"69":0,"70":0,"71":0,"72":0,"73":0,"74":0,"75":0,"76":0,"77":0,"78":0,"79":0,"80":0,"81":0,"82":0,"83":0},"b":{"1":[2,1,1,1],"2":[1,1,1,1],"3":[1,1],"4":[2,2],"5":[1,1],"6":[1,1],"7":[2,0],"8":[2,1,1,1,1,1],"9":[0,2,0],"10":[1,1],"11":[2,1,1],"12":[1,0],"13":[0,2],"14":[2,0,0,0,0,0,0],"15":[0,3],"16":[3,0],"17":[1,1],"18":[0,1],"19":[1,2,0,2],"20":[1,0],"21":[1,1],"22":[0,0],"23":[0,0],"24":[0,0],"25":[0,0],"26":[0,0],"27":[0,0],"28":[0,0]},"f":{"1":2,"2":2,"3":2,"4":2,"5":2,"6":2,"7":3,"8":3,"9":3,"10":1,"11":6,"12":0},"fnMap":{"1":{"name":"(anonymous_1)","line":26,"loc":{"start":{"line":26,"column":1},"end":{"line":26,"column":13}}},"2":{"name":"(anonymous_2)","line":33,"loc":{"start":{"line":33,"column":5},"end":{"line":33,"column":17}}},"3":{"name":"(anonymous_3)","line":37,"loc":{"start":{"line":37,"column":24},"end":{"line":37,"column":36}}},"4":{"name":"(anonymous_4)","line":69,"loc":{"start":{"line":69,"column":31},"end":{"line":69,"column":48}},"skip":true},"5":{"name":"(anonymous_5)","line":78,"loc":{"start":{"line":78,"column":26},"end":{"line":78,"column":45}},"skip":true},"6":{"name":"(anonymous_6)","line":123,"loc":{"start":{"line":123,"column":33},"end":{"line":123,"column":48}},"skip":true},"7":{"name":"(anonymous_7)","line":125,"loc":{"start":{"line":125,"column":27},"end":{"line":125,"column":39}},"skip":true},"8":{"name":"(anonymous_8)","line":133,"loc":{"start":{"line":133,"column":59},"end":{"line":133,"column":74}},"skip":true},"9":{"name":"(anonymous_9)","line":143,"loc":{"start":{"line":143,"column":45},"end":{"line":143,"column":62}},"skip":true},"10":{"name":"(anonymous_10)","line":144,"loc":{"start":{"line":144,"column":73},"end":{"line":144,"column":92}},"skip":true},"11":{"name":"(anonymous_11)","line":272,"loc":{"start":{"line":272,"column":51},"end":{"line":272,"column":77}},"skip":true},"12":{"name":"(anonymous_12)","line":315,"loc":{"start":{"line":315,"column":32},"end":{"line":315,"column":61}},"skip":true}},"statementMap":{"1":{"start":{"line":26,"column":0},"end":{"line":326,"column":5}},"2":{"start":{"line":28,"column":4},"end":{"line":28,"column":14}},"3":{"start":{"line":33,"column":4},"end":{"line":60,"column":9}},"4":{"start":{"line":35,"column":8},"end":{"line":35,"column":19}},"5":{"start":{"line":37,"column":8},"end":{"line":49,"column":13}},"6":{"start":{"line":38,"column":12},"end":{"line":48,"column":13}},"7":{"start":{"line":39,"column":16},"end":{"line":42,"column":30}},"8":{"start":{"line":44,"column":16},"end":{"line":47,"column":27}},"9":{"start":{"line":51,"column":8},"end":{"line":53,"column":21}},"10":{"start":{"line":55,"column":8},"end":{"line":57,"column":45}},"11":{"start":{"line":59,"column":8},"end":{"line":59,"column":35}},"12":{"start":{"line":61,"column":4},"end":{"line":325,"column":5}},"13":{"start":{"line":69,"column":8},"end":{"line":121,"column":10},"skip":true},"14":{"start":{"line":70,"column":12},"end":{"line":88,"column":13},"skip":true},"15":{"start":{"line":76,"column":16},"end":{"line":87,"column":19},"skip":true},"16":{"start":{"line":79,"column":20},"end":{"line":86,"column":21},"skip":true},"17":{"start":{"line":82,"column":24},"end":{"line":82,"column":43},"skip":true},"18":{"start":{"line":83,"column":24},"end":{"line":83,"column":30},"skip":true},"19":{"start":{"line":85,"column":24},"end":{"line":85,"column":49},"skip":true},"20":{"start":{"line":89,"column":12},"end":{"line":107,"column":13},"skip":true},"21":{"start":{"line":92,"column":16},"end":{"line":102,"column":17},"skip":true},"22":{"start":{"line":93,"column":20},"end":{"line":93,"column":86},"skip":true},"23":{"start":{"line":94,"column":20},"end":{"line":95,"column":45},"skip":true},"24":{"start":{"line":96,"column":20},"end":{"line":96,"column":42},"skip":true},"25":{"start":{"line":97,"column":20},"end":{"line":97,"column":48},"skip":true},"26":{"start":{"line":100,"column":20},"end":{"line":100,"column":85},"skip":true},"27":{"start":{"line":101,"column":20},"end":{"line":101,"column":96},"skip":true},"28":{"start":{"line":103,"column":16},"end":{"line":103,"column":22},"skip":true},"29":{"start":{"line":106,"column":16},"end":{"line":106,"column":22},"skip":true},"30":{"start":{"line":108,"column":12},"end":{"line":120,"column":13},"skip":true},"31":{"start":{"line":114,"column":16},"end":{"line":119,"column":17},"skip":true},"32":{"start":{"line":116,"column":20},"end":{"line":116,"column":78},"skip":true},"33":{"start":{"line":118,"column":20},"end":{"line":118,"column":47},"skip":true},"34":{"start":{"line":123,"column":8},"end":{"line":141,"column":11},"skip":true},"35":{"start":{"line":124,"column":12},"end":{"line":124,"column":54},"skip":true},"36":{"start":{"line":125,"column":12},"end":{"line":140,"column":14},"skip":true},"37":{"start":{"line":126,"column":16},"end":{"line":126,"column":28},"skip":true},"38":{"start":{"line":127,"column":16},"end":{"line":127,"column":69},"skip":true},"39":{"start":{"line":128,"column":16},"end":{"line":128,"column":75},"skip":true},"40":{"start":{"line":129,"column":16},"end":{"line":131,"column":17},"skip":true},"41":{"start":{"line":130,"column":20},"end":{"line":130,"column":27},"skip":true},"42":{"start":{"line":133,"column":16},"end":{"line":137,"column":36},"skip":true},"43":{"start":{"line":134,"column":20},"end":{"line":136,"column":55},"skip":true},"44":{"start":{"line":139,"column":16},"end":{"line":139,"column":57},"skip":true},"45":{"start":{"line":143,"column":8},"end":{"line":147,"column":11},"skip":true},"46":{"start":{"line":144,"column":12},"end":{"line":146,"column":15},"skip":true},"47":{"start":{"line":145,"column":16},"end":{"line":145,"column":70},"skip":true},"48":{"start":{"line":149,"column":8},"end":{"line":149,"column":31},"skip":true},"49":{"start":{"line":150,"column":8},"end":{"line":150,"column":14},"skip":true},"50":{"start":{"line":158,"column":8},"end":{"line":158,"column":31},"skip":true},"51":{"start":{"line":160,"column":8},"end":{"line":160,"column":33},"skip":true},"52":{"start":{"line":161,"column":8},"end":{"line":161,"column":37},"skip":true},"53":{"start":{"line":162,"column":8},"end":{"line":162,"column":35},"skip":true},"54":{"start":{"line":164,"column":8},"end":{"line":164,"column":50},"skip":true},"55":{"start":{"line":166,"column":8},"end":{"line":256,"column":2},"skip":true},"56":{"start":{"line":258,"column":8},"end":{"line":286,"column":9},"skip":true},"57":{"start":{"line":259,"column":12},"end":{"line":269,"column":14},"skip":true},"58":{"start":{"line":271,"column":12},"end":{"line":285,"column":19},"skip":true},"59":{"start":{"line":274,"column":20},"end":{"line":274,"column":35},"skip":true},"60":{"start":{"line":275,"column":20},"end":{"line":284,"column":21},"skip":true},"61":{"start":{"line":277,"column":24},"end":{"line":277,"column":64},"skip":true},"62":{"start":{"line":279,"column":24},"end":{"line":279,"column":40},"skip":true},"63":{"start":{"line":281,"column":24},"end":{"line":281,"column":40},"skip":true},"64":{"start":{"line":283,"column":24},"end":{"line":283,"column":39},"skip":true},"65":{"start":{"line":288,"column":8},"end":{"line":290,"column":9},"skip":true},"66":{"start":{"line":289,"column":12},"end":{"line":289,"column":18},"skip":true},"67":{"start":{"line":291,"column":8},"end":{"line":293,"column":54},"skip":true},"68":{"start":{"line":296,"column":8},"end":{"line":301,"column":37},"skip":true},"69":{"start":{"line":303,"column":8},"end":{"line":303,"column":82},"skip":true},"70":{"start":{"line":306,"column":8},"end":{"line":308,"column":9},"skip":true},"71":{"start":{"line":307,"column":12},"end":{"line":307,"column":82},"skip":true},"72":{"start":{"line":310,"column":8},"end":{"line":312,"column":9},"skip":true},"73":{"start":{"line":311,"column":12},"end":{"line":311,"column":18},"skip":true},"74":{"start":{"line":313,"column":8},"end":{"line":313,"column":54},"skip":true},"75":{"start":{"line":314,"column":8},"end":{"line":314,"column":69},"skip":true},"76":{"start":{"line":315,"column":8},"end":{"line":323,"column":36},"skip":true},"77":{"start":{"line":316,"column":12},"end":{"line":316,"column":61},"skip":true},"78":{"start":{"line":317,"column":12},"end":{"line":320,"column":13},"skip":true},"79":{"start":{"line":318,"column":16},"end":{"line":318,"column":75},"skip":true},"80":{"start":{"line":319,"column":16},"end":{"line":319,"column":23},"skip":true},"81":{"start":{"line":321,"column":12},"end":{"line":321,"column":38},"skip":true},"82":{"start":{"line":322,"column":12},"end":{"line":322,"column":27},"skip":true},"83":{"start":{"line":324,"column":8},"end":{"line":324,"column":14},"skip":true}},"branchMap":{"1":{"line":39,"type":"binary-expr","locations":[{"start":{"line":39,"column":23},"end":{"line":39,"column":62}},{"start":{"line":40,"column":20},"end":{"line":40,"column":70}},{"start":{"line":41,"column":20},"end":{"line":41,"column":71}},{"start":{"line":42,"column":20},"end":{"line":42,"column":29}}]},"2":{"line":44,"type":"binary-expr","locations":[{"start":{"line":44,"column":23},"end":{"line":44,"column":37}},{"start":{"line":45,"column":20},"end":{"line":45,"column":61}},{"start":{"line":46,"column":20},"end":{"line":46,"column":70}},{"start":{"line":47,"column":20},"end":{"line":47,"column":26}}]},"3":{"line":51,"type":"cond-expr","locations":[{"start":{"line":52,"column":14},"end":{"line":52,"column":20}},{"start":{"line":53,"column":14},"end":{"line":53,"column":20}}]},"4":{"line":55,"type":"binary-expr","locations":[{"start":{"line":55,"column":16},"end":{"line":55,"column":44}},{"start":{"line":55,"column":49},"end":{"line":57,"column":43}}]},"5":{"line":55,"type":"cond-expr","locations":[{"start":{"line":56,"column":14},"end":{"line":56,"column":49}},{"start":{"line":57,"column":14},"end":{"line":57,"column":43}}]},"6":{"line":61,"type":"switch","locations":[{"start":{"line":68,"column":4},"end":{"line":150,"column":14},"skip":true},{"start":{"line":156,"column":4},"end":{"line":324,"column":14},"skip":true}]},"7":{"line":70,"type":"if","locations":[{"start":{"line":70,"column":12},"end":{"line":70,"column":12},"skip":true},{"start":{"line":70,"column":12},"end":{"line":70,"column":12},"skip":true}]},"8":{"line":70,"type":"binary-expr","locations":[{"start":{"line":70,"column":16},"end":{"line":70,"column":22},"skip":true},{"start":{"line":70,"column":27},"end":{"line":70,"column":32},"skip":true},{"start":{"line":71,"column":20},"end":{"line":71,"column":39},"skip":true},{"start":{"line":72,"column":20},"end":{"line":72,"column":49},"skip":true},{"start":{"line":73,"column":20},"end":{"line":73,"column":58},"skip":true},{"start":{"line":74,"column":20},"end":{"line":74,"column":69},"skip":true}]},"9":{"line":79,"type":"switch","locations":[{"start":{"line":80,"column":20},"end":{"line":80,"column":33},"skip":true},{"start":{"line":81,"column":20},"end":{"line":83,"column":30},"skip":true},{"start":{"line":84,"column":20},"end":{"line":85,"column":49},"skip":true}]},"10":{"line":89,"type":"switch","locations":[{"start":{"line":90,"column":12},"end":{"line":103,"column":22},"skip":true},{"start":{"line":105,"column":12},"end":{"line":106,"column":22},"skip":true}]},"11":{"line":89,"type":"binary-expr","locations":[{"start":{"line":89,"column":20},"end":{"line":89,"column":25},"skip":true},{"start":{"line":89,"column":29},"end":{"line":89,"column":48},"skip":true},{"start":{"line":89,"column":52},"end":{"line":89,"column":74},"skip":true}]},"12":{"line":92,"type":"if","locations":[{"start":{"line":92,"column":16},"end":{"line":92,"column":16},"skip":true},{"start":{"line":92,"column":16},"end":{"line":92,"column":16},"skip":true}]},"13":{"line":108,"type":"if","locations":[{"start":{"line":108,"column":12},"end":{"line":108,"column":12},"skip":true},{"start":{"line":108,"column":12},"end":{"line":108,"column":12},"skip":true}]},"14":{"line":108,"type":"binary-expr","locations":[{"start":{"line":108,"column":16},"end":{"line":108,"column":61},"skip":true},{"start":{"line":108,"column":66},"end":{"line":108,"column":72},"skip":true},{"start":{"line":108,"column":77},"end":{"line":108,"column":82},"skip":true},{"start":{"line":109,"column":20},"end":{"line":109,"column":39},"skip":true},{"start":{"line":110,"column":20},"end":{"line":110,"column":49},"skip":true},{"start":{"line":111,"column":20},"end":{"line":111,"column":58},"skip":true},{"start":{"line":112,"column":20},"end":{"line":112,"column":68},"skip":true}]},"15":{"line":129,"type":"if","locations":[{"start":{"line":129,"column":16},"end":{"line":129,"column":16},"skip":true},{"start":{"line":129,"column":16},"end":{"line":129,"column":16},"skip":true}]},"16":{"line":134,"type":"cond-expr","locations":[{"start":{"line":135,"column":26},"end":{"line":135,"column":29},"skip":true},{"start":{"line":136,"column":26},"end":{"line":136,"column":54},"skip":true}]},"17":{"line":164,"type":"binary-expr","locations":[{"start":{"line":164,"column":27},"end":{"line":164,"column":43},"skip":true},{"start":{"line":164,"column":47},"end":{"line":164,"column":49},"skip":true}]},"18":{"line":258,"type":"if","locations":[{"start":{"line":258,"column":8},"end":{"line":258,"column":8},"skip":true},{"start":{"line":258,"column":8},"end":{"line":258,"column":8},"skip":true}]},"19":{"line":275,"type":"switch","locations":[{"start":{"line":276,"column":20},"end":{"line":277,"column":64},"skip":true},{"start":{"line":278,"column":20},"end":{"line":279,"column":40},"skip":true},{"start":{"line":280,"column":20},"end":{"line":281,"column":40},"skip":true},{"start":{"line":282,"column":20},"end":{"line":283,"column":39},"skip":true}]},"20":{"line":288,"type":"if","locations":[{"start":{"line":288,"column":8},"end":{"line":288,"column":8},"skip":true},{"start":{"line":288,"column":8},"end":{"line":288,"column":8},"skip":true}]},"21":{"line":288,"type":"binary-expr","locations":[{"start":{"line":288,"column":12},"end":{"line":288,"column":40},"skip":true},{"start":{"line":288,"column":44},"end":{"line":288,"column":67},"skip":true}]},"22":{"line":292,"type":"binary-expr","locations":[{"start":{"line":292,"column":12},"end":{"line":292,"column":50},"skip":true},{"start":{"line":293,"column":12},"end":{"line":293,"column":53},"skip":true}]},"23":{"line":297,"type":"binary-expr","locations":[{"start":{"line":297,"column":12},"end":{"line":297,"column":63},"skip":true},{"start":{"line":298,"column":12},"end":{"line":301,"column":36},"skip":true}]},"24":{"line":303,"type":"binary-expr","locations":[{"start":{"line":303,"column":43},"end":{"line":303,"column":75},"skip":true},{"start":{"line":303,"column":79},"end":{"line":303,"column":81},"skip":true}]},"25":{"line":306,"type":"if","locations":[{"start":{"line":306,"column":8},"end":{"line":306,"column":8},"skip":true},{"start":{"line":306,"column":8},"end":{"line":306,"column":8},"skip":true}]},"26":{"line":310,"type":"if","locations":[{"start":{"line":310,"column":8},"end":{"line":310,"column":8},"skip":true},{"start":{"line":310,"column":8},"end":{"line":310,"column":8},"skip":true}]},"27":{"line":313,"type":"binary-expr","locations":[{"start":{"line":313,"column":27},"end":{"line":313,"column":43},"skip":true},{"start":{"line":313,"column":47},"end":{"line":313,"column":53},"skip":true}]},"28":{"line":317,"type":"if","locations":[{"start":{"line":317,"column":12},"end":{"line":317,"column":12},"skip":true},{"start":{"line":317,"column":12},"end":{"line":317,"column":12},"skip":true}]}},"code":["/*","example.js","","quickstart example","","instruction","    1. save this script as example.js","    2. run the shell command:","        $ npm install npmtest-neo4j && PORT=8081 node example.js","    3. play with the browser-demo on http://127.0.0.1:8081","*/","","","","/* istanbul instrument in package npmtest_neo4j */","/*jslint","    bitwise: true,","    browser: true,","    maxerr: 8,","    maxlen: 96,","    node: true,","    nomen: true,","    regexp: true,","    stupid: true","*/","(function () {","    'use strict';","    var local;","","","","    // run shared js-env code - pre-init","    (function () {","        // init local","        local = {};","        // init modeJs","        local.modeJs = (function () {","            try {","                return typeof navigator.userAgent === 'string' &&","                    typeof document.querySelector('body') === 'object' &&","                    typeof XMLHttpRequest.prototype.open === 'function' &&","                    'browser';","            } catch (errorCaughtBrowser) {","                return module.exports &&","                    typeof process.versions.node === 'string' &&","                    typeof require('http').createServer === 'function' &&","                    'node';","            }","        }());","        // init global","        local.global = local.modeJs === 'browser'","            ? window","            : global;","        // init utility2_rollup","        local = local.global.utility2_rollup || (local.modeJs === 'browser'","            ? local.global.utility2_npmtest_neo4j","            : global.utility2_moduleExports);","        // export local","        local.global.local = local;","    }());","    switch (local.modeJs) {","","","","    // post-init","    // run browser js-env code - post-init","    /* istanbul ignore next */","    case 'browser':","        local.testRunBrowser = function (event) {","            if (!event || (event &&","                    event.currentTarget &&","                    event.currentTarget.className &&","                    event.currentTarget.className.includes &&","                    event.currentTarget.className.includes('onreset'))) {","                // reset output","                Array.from(","                    document.querySelectorAll('body > .resettable')","                ).forEach(function (element) {","                    switch (element.tagName) {","                    case 'INPUT':","                    case 'TEXTAREA':","                        element.value = '';","                        break;","                    default:","                        element.textContent = '';","                    }","                });","            }","            switch (event && event.currentTarget && event.currentTarget.id) {","            case 'testRunButton1':","                // show tests","                if (document.querySelector('#testReportDiv1').style.display === 'none') {","                    document.querySelector('#testReportDiv1').style.display = 'block';","                    document.querySelector('#testRunButton1').textContent =","                        'hide internal test';","                    local.modeTest = true;","                    local.testRunDefault(local);","                // hide tests","                } else {","                    document.querySelector('#testReportDiv1').style.display = 'none';","                    document.querySelector('#testRunButton1').textContent = 'run internal test';","                }","                break;","            // custom-case","            default:","                break;","            }","            if (document.querySelector('#inputTextareaEval1') && (!event || (event &&","                    event.currentTarget &&","                    event.currentTarget.className &&","                    event.currentTarget.className.includes &&","                    event.currentTarget.className.includes('oneval')))) {","                // try to eval input-code","                try {","                    /*jslint evil: true*/","                    eval(document.querySelector('#inputTextareaEval1').value);","                } catch (errorCaught) {","                    console.error(errorCaught);","                }","            }","        };","        // log stderr and stdout to #outputTextareaStdout1","        ['error', 'log'].forEach(function (key) {","            console[key + '_original'] = console[key];","            console[key] = function () {","                var element;","                console[key + '_original'].apply(console, arguments);","                element = document.querySelector('#outputTextareaStdout1');","                if (!element) {","                    return;","                }","                // append text to #outputTextareaStdout1","                element.value += Array.from(arguments).map(function (arg) {","                    return typeof arg === 'string'","                        ? arg","                        : JSON.stringify(arg, null, 4);","                }).join(' ') + '\\n';","                // scroll textarea to bottom","                element.scrollTop = element.scrollHeight;","            };","        });","        // init event-handling","        ['change', 'click', 'keyup'].forEach(function (event) {","            Array.from(document.querySelectorAll('.on' + event)).forEach(function (element) {","                element.addEventListener(event, local.testRunBrowser);","            });","        });","        // run tests","        local.testRunBrowser();","        break;","","","","    // run node js-env code - post-init","    /* istanbul ignore next */","    case 'node':","        // export local","        module.exports = local;","        // require modules","        local.fs = require('fs');","        local.http = require('http');","        local.url = require('url');","        // init assets","        local.assetsDict = local.assetsDict || {};","        /* jslint-ignore-begin */","        local.assetsDict['/assets.index.template.html'] = '\\","<!doctype html>\\n\\","<html lang=\"en\">\\n\\","<head>\\n\\","<meta charset=\"UTF-8\">\\n\\","<meta name=\"viewport\" content=\"width=device-width, initial-scale=1\">\\n\\","<title>{{env.npm_package_name}} (v{{env.npm_package_version}})</title>\\n\\","<style>\\n\\","/*csslint\\n\\","    box-sizing: false,\\n\\","    universal-selector: false\\n\\","*/\\n\\","* {\\n\\","    box-sizing: border-box;\\n\\","}\\n\\","body {\\n\\","    background: #dde;\\n\\","    font-family: Arial, Helvetica, sans-serif;\\n\\","    margin: 2rem;\\n\\","}\\n\\","body > * {\\n\\","    margin-bottom: 1rem;\\n\\","}\\n\\",".utility2FooterDiv {\\n\\","    margin-top: 20px;\\n\\","    text-align: center;\\n\\","}\\n\\","</style>\\n\\","<style>\\n\\","/*csslint\\n\\","*/\\n\\","textarea {\\n\\","    font-family: monospace;\\n\\","    height: 10rem;\\n\\","    width: 100%;\\n\\","}\\n\\","textarea[readonly] {\\n\\","    background: #ddd;\\n\\","}\\n\\","</style>\\n\\","</head>\\n\\","<body>\\n\\","<!-- utility2-comment\\n\\","<div id=\"ajaxProgressDiv1\" style=\"background: #d00; height: 2px; left: 0; margin: 0; padding: 0; position: fixed; top: 0; transition: background 0.5s, width 1.5s; width: 25%;\"></div>\\n\\","utility2-comment -->\\n\\","<h1>\\n\\","<!-- utility2-comment\\n\\","    <a\\n\\","        {{#if env.npm_package_homepage}}\\n\\","        href=\"{{env.npm_package_homepage}}\"\\n\\","        {{/if env.npm_package_homepage}}\\n\\","        target=\"_blank\"\\n\\","    >\\n\\","utility2-comment -->\\n\\","        {{env.npm_package_name}} (v{{env.npm_package_version}})\\n\\","<!-- utility2-comment\\n\\","    </a>\\n\\","utility2-comment -->\\n\\","</h1>\\n\\","<h3>{{env.npm_package_description}}</h3>\\n\\","<!-- utility2-comment\\n\\","<h4><a download href=\"assets.app.js\">download standalone app</a></h4>\\n\\","<button class=\"onclick onreset\" id=\"testRunButton1\">run internal test</button><br>\\n\\","<div id=\"testReportDiv1\" style=\"display: none;\"></div>\\n\\","utility2-comment -->\\n\\","\\n\\","\\n\\","\\n\\","<label>stderr and stdout</label>\\n\\","<textarea class=\"resettable\" id=\"outputTextareaStdout1\" readonly></textarea>\\n\\","<!-- utility2-comment\\n\\","{{#if isRollup}}\\n\\","<script src=\"assets.app.js\"></script>\\n\\","{{#unless isRollup}}\\n\\","utility2-comment -->\\n\\","<script src=\"assets.utility2.rollup.js\"></script>\\n\\","<script src=\"jsonp.utility2._stateInit?callback=window.utility2._stateInit\"></script>\\n\\","<script src=\"assets.npmtest_neo4j.rollup.js\"></script>\\n\\","<script src=\"assets.example.js\"></script>\\n\\","<script src=\"assets.test.js\"></script>\\n\\","<!-- utility2-comment\\n\\","{{/if isRollup}}\\n\\","utility2-comment -->\\n\\","<div class=\"utility2FooterDiv\">\\n\\","    [ this app was created with\\n\\","    <a href=\"https://github.com/kaizhu256/node-utility2\" target=\"_blank\">utility2</a>\\n\\","    ]\\n\\","</div>\\n\\","</body>\\n\\","</html>\\n\\","';","        /* jslint-ignore-end */","        if (local.templateRender) {","            local.assetsDict['/'] = local.templateRender(","                local.assetsDict['/assets.index.template.html'],","                {","                    env: local.objectSetDefault(local.env, {","                        npm_package_description: 'the greatest app in the world!',","                        npm_package_name: 'my-app',","                        npm_package_nameAlias: 'my_app',","                        npm_package_version: '0.0.1'","                    })","                }","            );","        } else {","            local.assetsDict['/'] = local.assetsDict['/assets.index.template.html']","                .replace((/\\{\\{env\\.(\\w+?)\\}\\}/g), function (match0, match1) {","                    // jslint-hack","                    String(match0);","                    switch (match1) {","                    case 'npm_package_description':","                        return 'the greatest app in the world!';","                    case 'npm_package_name':","                        return 'my-app';","                    case 'npm_package_nameAlias':","                        return 'my_app';","                    case 'npm_package_version':","                        return '0.0.1';","                    }","                });","        }","        // run the cli","        if (local.global.utility2_rollup || module !== require.main) {","            break;","        }","        local.assetsDict['/assets.example.js'] =","            local.assetsDict['/assets.example.js'] ||","            local.fs.readFileSync(__filename, 'utf8');","        // bug-workaround - long $npm_package_buildCustomOrg","        /* jslint-ignore-begin */","        local.assetsDict['/assets.npmtest_neo4j.rollup.js'] =","            local.assetsDict['/assets.npmtest_neo4j.rollup.js'] ||","            local.fs.readFileSync(","                local.npmtest_neo4j.__dirname + '/lib.npmtest_neo4j.js',","                'utf8'","            ).replace((/^#!/), '//');","        /* jslint-ignore-end */","        local.assetsDict['/favicon.ico'] = local.assetsDict['/favicon.ico'] || '';","        // if $npm_config_timeout_exit exists,","        // then exit this process after $npm_config_timeout_exit ms","        if (Number(process.env.npm_config_timeout_exit)) {","            setTimeout(process.exit, Number(process.env.npm_config_timeout_exit));","        }","        // start server","        if (local.global.utility2_serverHttp1) {","            break;","        }","        process.env.PORT = process.env.PORT || '8081';","        console.error('server starting on port ' + process.env.PORT);","        local.http.createServer(function (request, response) {","            request.urlParsed = local.url.parse(request.url);","            if (local.assetsDict[request.urlParsed.pathname] !== undefined) {","                response.end(local.assetsDict[request.urlParsed.pathname]);","                return;","            }","            response.statusCode = 404;","            response.end();","        }).listen(process.env.PORT);","        break;","    }","}());",""],"l":{"26":2,"28":2,"33":2,"35":2,"37":2,"38":2,"39":2,"44":1,"51":2,"55":2,"59":2,"61":2,"69":1,"70":2,"76":2,"79":2,"82":2,"83":2,"85":1,"89":2,"92":1,"93":1,"94":1,"96":1,"97":1,"100":1,"101":1,"103":1,"106":1,"108":2,"114":1,"116":1,"118":1,"123":1,"124":2,"125":2,"126":3,"127":3,"128":3,"129":3,"130":1,"133":3,"134":3,"139":3,"143":1,"144":3,"145":1,"149":1,"150":1,"158":1,"160":1,"161":1,"162":1,"164":1,"166":1,"258":1,"259":1,"271":1,"274":6,"275":6,"277":1,"279":2,"281":1,"283":2,"288":1,"289":1,"291":1,"296":1,"303":1,"306":1,"307":1,"310":1,"311":1,"313":1,"314":1,"315":1,"316":1,"317":1,"318":1,"319":1,"321":1,"322":1,"324":1}},"/home/travis/build/npmtest/node-npmtest-neo4j/node_modules/neo4j/lib-new/exports.js":{"path":"/home/travis/build/npmtest/node-npmtest-neo4j/node_modules/neo4j/lib-new/exports.js","s":{"1":1,"2":1,"3":1,"4":1,"5":1},"b":{},"f":{"1":1},"fnMap":{"1":{"name":"(anonymous_1)","line":2,"loc":{"start":{"line":2,"column":1},"end":{"line":2,"column":12}}}},"statementMap":{"1":{"start":{"line":2,"column":0},"end":{"line":18,"column":14}},"2":{"start":{"line":3,"column":2},"end":{"line":3,"column":8}},"3":{"start":{"line":5,"column":2},"end":{"line":5,"column":28}},"4":{"start":{"line":7,"column":2},"end":{"line":14,"column":5}},"5":{"start":{"line":16,"column":2},"end":{"line":16,"column":41}}},"branchMap":{},"code":["// Generated by CoffeeScript 1.8.0","(function() {","  var $;","","  $ = require('underscore');","","  $(exports).extend({","    GraphDatabase: require('./GraphDatabase'),","    Node: require('./Node'),","    Relationship: require('./Relationship'),","    Transaction: require('./Transaction'),","    Index: require('./Index'),","    Constraint: require('./Constraint')","  });","","  $(exports).extend(require('./errors'));","","}).call(this);","","//# sourceMappingURL=exports.js.map",""],"l":{"2":1,"3":1,"5":1,"7":1,"16":1}},"/home/travis/build/npmtest/node-npmtest-neo4j/node_modules/neo4j/lib-new/GraphDatabase.js":{"path":"/home/travis/build/npmtest/node-npmtest-neo4j/node_modules/neo4j/lib-new/GraphDatabase.js","s":{"1":1,"2":1,"3":1,"4":1,"5":1,"6":1,"7":1,"8":1,"9":1,"10":1,"11":1,"12":1,"13":1,"14":1,"15":1,"16":1,"17":0,"18":0,"19":0,"20":0,"21":0,"22":0,"23":0,"24":0,"25":0,"26":0,"27":0,"28":0,"29":0,"30":0,"31":0,"32":1,"33":0,"34":0,"35":0,"36":0,"37":0,"38":0,"39":0,"40":0,"41":0,"42":0,"43":0,"44":0,"45":0,"46":0,"47":0,"48":0,"49":0,"50":0,"51":0,"52":0,"53":1,"54":0,"55":0,"56":0,"57":0,"58":0,"59":0,"60":0,"61":1,"62":0,"63":0,"64":0,"65":0,"66":0,"67":0,"68":0,"69":0,"70":0,"71":0,"72":0,"73":0,"74":0,"75":0,"76":0,"77":0,"78":1,"79":0,"80":0,"81":0,"82":0,"83":0,"84":0,"85":0,"86":0,"87":0,"88":0,"89":0,"90":0,"91":0,"92":0,"93":0,"94":0,"95":0,"96":0,"97":0,"98":0,"99":0,"100":0,"101":0,"102":0,"103":0,"104":0,"105":0,"106":0,"107":0,"108":0,"109":0,"110":0,"111":0,"112":0,"113":0,"114":0,"115":0,"116":0,"117":0,"118":0,"119":0,"120":0,"121":0,"122":0,"123":0,"124":0,"125":0,"126":0,"127":0,"128":0,"129":0,"130":0,"131":0,"132":0,"133":0,"134":0,"135":0,"136":0,"137":0,"138":0,"139":0,"140":0,"141":0,"142":0,"143":0,"144":0,"145":0,"146":0,"147":0,"148":0,"149":0,"150":0,"151":0,"152":0,"153":0,"154":0,"155":0,"156":0,"157":0,"158":0,"159":0,"160":0,"161":0,"162":0,"163":0,"164":0,"165":0,"166":0,"167":0,"168":0,"169":0,"170":0,"171":1,"172":0,"173":1,"174":0,"175":1,"176":0,"177":1,"178":0,"179":1,"180":0,"181":0,"182":0,"183":0,"184":0,"185":0,"186":0,"187":0,"188":0,"189":0,"190":0,"191":0,"192":0,"193":0,"194":1,"195":0,"196":0,"197":0,"198":0,"199":0,"200":0,"201":0,"202":0,"203":0,"204":1,"205":0,"206":0,"207":0,"208":0,"209":0,"210":0,"211":0,"212":0,"213":0,"214":0,"215":0,"216":0,"217":0,"218":0,"219":1,"220":0,"221":0,"222":0,"223":0,"224":0,"225":0,"226":0,"227":0,"228":0,"229":0,"230":0,"231":0,"232":0,"233":0,"234":1,"235":0,"236":0,"237":0,"238":0,"239":0,"240":0,"241":0,"242":0,"243":0,"244":0,"245":0,"246":0,"247":0,"248":0,"249":1,"250":0,"251":0,"252":0,"253":0,"254":0,"255":0,"256":0,"257":0,"258":0,"259":0,"260":0,"261":0,"262":1,"263":0,"264":0,"265":0,"266":0,"267":0,"268":0,"269":0,"270":0,"271":0,"272":0,"273":0,"274":0,"275":0,"276":0,"277":1,"278":0,"279":0,"280":0,"281":0,"282":0,"283":0,"284":0,"285":0,"286":0,"287":0,"288":0,"289":0,"290":0,"291":0,"292":1,"293":1,"294":0,"295":0,"296":0,"297":0,"298":0,"299":0,"300":0,"301":0,"302":0,"303":0,"304":1,"305":0,"306":0,"307":0,"308":0,"309":0,"310":0,"311":0,"312":0,"313":0,"314":0,"315":0,"316":0,"317":0,"318":0},"b":{"1":[0,0],"2":[0,0],"3":[0,0],"4":[0,0],"5":[0,0],"6":[0,0],"7":[0,0],"8":[0,0],"9":[0,0],"10":[0,0],"11":[0,0],"12":[0,0],"13":[0,0],"14":[0,0],"15":[0,0],"16":[0,0],"17":[0,0],"18":[0,0],"19":[0,0],"20":[0,0],"21":[0,0],"22":[0,0],"23":[0,0],"24":[0,0],"25":[0,0],"26":[0,0],"27":[0,0],"28":[0,0],"29":[0,0],"30":[0,0],"31":[0,0],"32":[0,0],"33":[0,0],"34":[0,0],"35":[0,0,0],"36":[0,0],"37":[0,0],"38":[0,0],"39":[0,0],"40":[0,0],"41":[0,0],"42":[0,0],"43":[0,0],"44":[0,0],"45":[0,0],"46":[0,0],"47":[0,0],"48":[0,0,0,0],"49":[0,0],"50":[0,0],"51":[0,0],"52":[0,0],"53":[0,0],"54":[0,0],"55":[0,0],"56":[0,0],"57":[0,0],"58":[0,0],"59":[0,0],"60":[0,0],"61":[0,0],"62":[0,0],"63":[0,0],"64":[0,0],"65":[0,0],"66":[0,0],"67":[0,0],"68":[0,0],"69":[0,0],"70":[0,0],"71":[0,0],"72":[0,0],"73":[0,0],"74":[0,0],"75":[0,0],"76":[0,0],"77":[0,0],"78":[0,0],"79":[0,0],"80":[0,0],"81":[0,0],"82":[0,0],"83":[0,0],"84":[0,0],"85":[0,0],"86":[0,0],"87":[0,0],"88":[0,0],"89":[0,0],"90":[0,0],"91":[0,0],"92":[0,0],"93":[0,0],"94":[0,0],"95":[0,0],"96":[0,0],"97":[0,0],"98":[0,0],"99":[0,0],"100":[0,0],"101":[0,0],"102":[0,0],"103":[0,0],"104":[0,0],"105":[0,0],"106":[0,0],"107":[0,0],"108":[0,0],"109":[0,0],"110":[0,0],"111":[0,0],"112":[0,0],"113":[0,0],"114":[0,0],"115":[0,0],"116":[0,0],"117":[0,0],"118":[0,0],"119":[0,0],"120":[0,0],"121":[0,0],"122":[0,0]},"f":{"1":1,"2":1,"3":0,"4":0,"5":0,"6":0,"7":0,"8":0,"9":0,"10":0,"11":0,"12":0,"13":0,"14":0,"15":0,"16":0,"17":0,"18":0,"19":0,"20":0,"21":0,"22":0,"23":0,"24":0,"25":0,"26":0,"27":0,"28":0,"29":0,"30":0,"31":0,"32":0,"33":0,"34":0,"35":0,"36":0,"37":0,"38":0,"39":0,"40":0,"41":0},"fnMap":{"1":{"name":"(anonymous_1)","line":2,"loc":{"start":{"line":2,"column":1},"end":{"line":2,"column":12}}},"2":{"name":"(anonymous_2)","line":28,"loc":{"start":{"line":28,"column":36},"end":{"line":28,"column":47}}},"3":{"name":"GraphDatabase","line":33,"loc":{"start":{"line":33,"column":4},"end":{"line":33,"column":33}}},"4":{"name":"(anonymous_4)","line":57,"loc":{"start":{"line":57,"column":35},"end":{"line":57,"column":54}}},"5":{"name":"(anonymous_5)","line":86,"loc":{"start":{"line":86,"column":16},"end":{"line":86,"column":32}}},"6":{"name":"(anonymous_6)","line":87,"loc":{"start":{"line":87,"column":15},"end":{"line":87,"column":35}}},"7":{"name":"(anonymous_7)","line":102,"loc":{"start":{"line":102,"column":56},"end":{"line":102,"column":69}}},"8":{"name":"(anonymous_8)","line":110,"loc":{"start":{"line":110,"column":9},"end":{"line":110,"column":29}}},"9":{"name":"(anonymous_9)","line":118,"loc":{"start":{"line":118,"column":45},"end":{"line":118,"column":64}}},"10":{"name":"(anonymous_10)","line":141,"loc":{"start":{"line":141,"column":10},"end":{"line":141,"column":26}}},"11":{"name":"(anonymous_11)","line":142,"loc":{"start":{"line":142,"column":15},"end":{"line":142,"column":29}}},"12":{"name":"(anonymous_12)","line":152,"loc":{"start":{"line":152,"column":37},"end":{"line":152,"column":61}}},"13":{"name":"(anonymous_13)","line":222,"loc":{"start":{"line":222,"column":21},"end":{"line":222,"column":32}}},"14":{"name":"(anonymous_14)","line":252,"loc":{"start":{"line":252,"column":10},"end":{"line":252,"column":26}}},"15":{"name":"(anonymous_15)","line":253,"loc":{"start":{"line":253,"column":15},"end":{"line":253,"column":35}}},"16":{"name":"(anonymous_16)","line":265,"loc":{"start":{"line":265,"column":21},"end":{"line":265,"column":32}}},"17":{"name":"(anonymous_17)","line":272,"loc":{"start":{"line":272,"column":54},"end":{"line":272,"column":68}}},"18":{"name":"(anonymous_18)","line":306,"loc":{"start":{"line":306,"column":47},"end":{"line":306,"column":58}}},"19":{"name":"(anonymous_19)","line":310,"loc":{"start":{"line":310,"column":40},"end":{"line":310,"column":53}}},"20":{"name":"(anonymous_20)","line":317,"loc":{"start":{"line":317,"column":46},"end":{"line":317,"column":59}}},"21":{"name":"(anonymous_21)","line":324,"loc":{"start":{"line":324,"column":51},"end":{"line":324,"column":64}}},"22":{"name":"(anonymous_22)","line":331,"loc":{"start":{"line":331,"column":41},"end":{"line":331,"column":60}}},"23":{"name":"(anonymous_23)","line":353,"loc":{"start":{"line":353,"column":9},"end":{"line":353,"column":32}}},"24":{"name":"(anonymous_24)","line":358,"loc":{"start":{"line":358,"column":39},"end":{"line":358,"column":58}}},"25":{"name":"(anonymous_25)","line":369,"loc":{"start":{"line":369,"column":9},"end":{"line":369,"column":32}}},"26":{"name":"(anonymous_26)","line":370,"loc":{"start":{"line":370,"column":54},"end":{"line":370,"column":70}}},"27":{"name":"(anonymous_27)","line":376,"loc":{"start":{"line":376,"column":42},"end":{"line":376,"column":61}}},"28":{"name":"(anonymous_28)","line":392,"loc":{"start":{"line":392,"column":9},"end":{"line":392,"column":29}}},"29":{"name":"(anonymous_29)","line":406,"loc":{"start":{"line":406,"column":40},"end":{"line":406,"column":59}}},"30":{"name":"(anonymous_30)","line":419,"loc":{"start":{"line":419,"column":9},"end":{"line":419,"column":29}}},"31":{"name":"(anonymous_31)","line":433,"loc":{"start":{"line":433,"column":45},"end":{"line":433,"column":64}}},"32":{"name":"(anonymous_32)","line":455,"loc":{"start":{"line":455,"column":9},"end":{"line":455,"column":36}}},"33":{"name":"(anonymous_33)","line":460,"loc":{"start":{"line":460,"column":44},"end":{"line":460,"column":63}}},"34":{"name":"(anonymous_34)","line":472,"loc":{"start":{"line":472,"column":9},"end":{"line":472,"column":36}}},"35":{"name":"(anonymous_35)","line":476,"loc":{"start":{"line":476,"column":43},"end":{"line":476,"column":64}}},"36":{"name":"(anonymous_36)","line":484,"loc":{"start":{"line":484,"column":47},"end":{"line":484,"column":66}}},"37":{"name":"(anonymous_37)","line":500,"loc":{"start":{"line":500,"column":9},"end":{"line":500,"column":29}}},"38":{"name":"(anonymous_38)","line":514,"loc":{"start":{"line":514,"column":45},"end":{"line":514,"column":64}}},"39":{"name":"(anonymous_39)","line":527,"loc":{"start":{"line":527,"column":9},"end":{"line":527,"column":29}}},"40":{"name":"(anonymous_40)","line":545,"loc":{"start":{"line":545,"column":19},"end":{"line":545,"column":34}}},"41":{"name":"(anonymous_41)","line":564,"loc":{"start":{"line":564,"column":15},"end":{"line":564,"column":29}}}},"statementMap":{"1":{"start":{"line":2,"column":0},"end":{"line":586,"column":14}},"2":{"start":{"line":3,"column":2},"end":{"line":4,"column":23}},"3":{"start":{"line":6,"column":2},"end":{"line":6,"column":28}},"4":{"start":{"line":8,"column":2},"end":{"line":8,"column":29}},"5":{"start":{"line":10,"column":2},"end":{"line":10,"column":39}},"6":{"start":{"line":12,"column":2},"end":{"line":12,"column":36}},"7":{"start":{"line":14,"column":2},"end":{"line":14,"column":29}},"8":{"start":{"line":16,"column":2},"end":{"line":16,"column":35}},"9":{"start":{"line":18,"column":2},"end":{"line":18,"column":27}},"10":{"start":{"line":20,"column":2},"end":{"line":20,"column":43}},"11":{"start":{"line":22,"column":2},"end":{"line":22,"column":31}},"12":{"start":{"line":24,"column":2},"end":{"line":24,"column":41}},"13":{"start":{"line":26,"column":2},"end":{"line":26,"column":23}},"14":{"start":{"line":28,"column":2},"end":{"line":543,"column":7}},"15":{"start":{"line":29,"column":4},"end":{"line":31,"column":6}},"16":{"start":{"line":33,"column":4},"end":{"line":55,"column":5}},"17":{"start":{"line":34,"column":6},"end":{"line":34,"column":20}},"18":{"start":{"line":35,"column":6},"end":{"line":37,"column":7}},"19":{"start":{"line":36,"column":8},"end":{"line":36,"column":18}},"20":{"start":{"line":38,"column":6},"end":{"line":42,"column":7}},"21":{"start":{"line":39,"column":8},"end":{"line":41,"column":10}},"22":{"start":{"line":43,"column":6},"end":{"line":43,"column":128}},"23":{"start":{"line":44,"column":6},"end":{"line":46,"column":7}},"24":{"start":{"line":45,"column":8},"end":{"line":45,"column":53}},"25":{"start":{"line":47,"column":6},"end":{"line":47,"column":32}},"26":{"start":{"line":48,"column":6},"end":{"line":51,"column":7}},"27":{"start":{"line":49,"column":8},"end":{"line":49,"column":24}},"28":{"start":{"line":50,"column":8},"end":{"line":50,"column":35}},"29":{"start":{"line":52,"column":6},"end":{"line":52,"column":79}},"30":{"start":{"line":53,"column":6},"end":{"line":53,"column":42}},"31":{"start":{"line":54,"column":6},"end":{"line":54,"column":106}},"32":{"start":{"line":57,"column":4},"end":{"line":100,"column":6}},"33":{"start":{"line":58,"column":6},"end":{"line":58,"column":43}},"34":{"start":{"line":59,"column":6},"end":{"line":61,"column":7}},"35":{"start":{"line":60,"column":8},"end":{"line":60,"column":18}},"36":{"start":{"line":62,"column":6},"end":{"line":66,"column":7}},"37":{"start":{"line":63,"column":8},"end":{"line":65,"column":10}},"38":{"start":{"line":67,"column":6},"end":{"line":67,"column":103}},"39":{"start":{"line":68,"column":6},"end":{"line":70,"column":7}},"40":{"start":{"line":69,"column":8},"end":{"line":69,"column":45}},"41":{"start":{"line":71,"column":6},"end":{"line":71,"column":33}},"42":{"start":{"line":72,"column":6},"end":{"line":72,"column":32}},"43":{"start":{"line":73,"column":6},"end":{"line":75,"column":17}},"44":{"start":{"line":76,"column":6},"end":{"line":99,"column":16}},"45":{"start":{"line":87,"column":8},"end":{"line":98,"column":10}},"46":{"start":{"line":88,"column":10},"end":{"line":90,"column":11}},"47":{"start":{"line":89,"column":12},"end":{"line":89,"column":27}},"48":{"start":{"line":91,"column":10},"end":{"line":93,"column":11}},"49":{"start":{"line":92,"column":12},"end":{"line":92,"column":34}},"50":{"start":{"line":94,"column":10},"end":{"line":96,"column":11}},"51":{"start":{"line":95,"column":12},"end":{"line":95,"column":27}},"52":{"start":{"line":97,"column":10},"end":{"line":97,"column":49}},"53":{"start":{"line":102,"column":4},"end":{"line":116,"column":6}},"54":{"start":{"line":103,"column":6},"end":{"line":103,"column":15}},"55":{"start":{"line":104,"column":6},"end":{"line":106,"column":7}},"56":{"start":{"line":105,"column":8},"end":{"line":105,"column":67}},"57":{"start":{"line":107,"column":6},"end":{"line":115,"column":9}},"58":{"start":{"line":111,"column":8},"end":{"line":113,"column":9}},"59":{"start":{"line":112,"column":10},"end":{"line":112,"column":25}},"60":{"start":{"line":114,"column":8},"end":{"line":114,"column":55}},"61":{"start":{"line":118,"column":4},"end":{"line":150,"column":6}},"62":{"start":{"line":119,"column":6},"end":{"line":119,"column":25}},"63":{"start":{"line":120,"column":6},"end":{"line":122,"column":7}},"64":{"start":{"line":121,"column":8},"end":{"line":121,"column":18}},"65":{"start":{"line":123,"column":6},"end":{"line":127,"column":7}},"66":{"start":{"line":124,"column":8},"end":{"line":126,"column":10}},"67":{"start":{"line":128,"column":6},"end":{"line":128,"column":31}},"68":{"start":{"line":129,"column":6},"end":{"line":131,"column":7}},"69":{"start":{"line":130,"column":8},"end":{"line":130,"column":67}},"70":{"start":{"line":132,"column":6},"end":{"line":134,"column":7}},"71":{"start":{"line":133,"column":8},"end":{"line":133,"column":49}},"72":{"start":{"line":135,"column":6},"end":{"line":149,"column":16}},"73":{"start":{"line":142,"column":8},"end":{"line":148,"column":10}},"74":{"start":{"line":143,"column":10},"end":{"line":145,"column":11}},"75":{"start":{"line":144,"column":12},"end":{"line":144,"column":27}},"76":{"start":{"line":146,"column":10},"end":{"line":146,"column":41}},"77":{"start":{"line":147,"column":10},"end":{"line":147,"column":26}},"78":{"start":{"line":152,"column":4},"end":{"line":304,"column":6}},"79":{"start":{"line":153,"column":6},"end":{"line":153,"column":111}},"80":{"start":{"line":154,"column":6},"end":{"line":156,"column":7}},"81":{"start":{"line":155,"column":8},"end":{"line":155,"column":18}},"82":{"start":{"line":157,"column":6},"end":{"line":161,"column":7}},"83":{"start":{"line":158,"column":8},"end":{"line":160,"column":10}},"84":{"start":{"line":162,"column":6},"end":{"line":166,"column":7}},"85":{"start":{"line":163,"column":8},"end":{"line":165,"column":10}},"86":{"start":{"line":167,"column":6},"end":{"line":167,"column":161}},"87":{"start":{"line":168,"column":6},"end":{"line":170,"column":7}},"88":{"start":{"line":169,"column":8},"end":{"line":169,"column":78}},"89":{"start":{"line":171,"column":6},"end":{"line":173,"column":7}},"90":{"start":{"line":172,"column":8},"end":{"line":172,"column":76}},"91":{"start":{"line":174,"column":6},"end":{"line":176,"column":7}},"92":{"start":{"line":175,"column":8},"end":{"line":175,"column":75}},"93":{"start":{"line":177,"column":6},"end":{"line":179,"column":7}},"94":{"start":{"line":178,"column":8},"end":{"line":178,"column":186}},"95":{"start":{"line":180,"column":6},"end":{"line":182,"column":7}},"96":{"start":{"line":181,"column":8},"end":{"line":181,"column":57}},"97":{"start":{"line":183,"column":6},"end":{"line":185,"column":7}},"98":{"start":{"line":184,"column":8},"end":{"line":184,"column":120}},"99":{"start":{"line":186,"column":6},"end":{"line":188,"column":7}},"100":{"start":{"line":187,"column":8},"end":{"line":187,"column":118}},"101":{"start":{"line":189,"column":6},"end":{"line":191,"column":7}},"102":{"start":{"line":190,"column":8},"end":{"line":190,"column":119}},"103":{"start":{"line":192,"column":6},"end":{"line":195,"column":7}},"104":{"start":{"line":193,"column":8},"end":{"line":193,"column":23}},"105":{"start":{"line":194,"column":8},"end":{"line":194,"column":15}},"106":{"start":{"line":196,"column":6},"end":{"line":196,"column":22}},"107":{"start":{"line":197,"column":6},"end":{"line":199,"column":7}},"108":{"start":{"line":198,"column":8},"end":{"line":198,"column":26}},"109":{"start":{"line":200,"column":6},"end":{"line":200,"column":36}},"110":{"start":{"line":201,"column":6},"end":{"line":203,"column":7}},"111":{"start":{"line":202,"column":8},"end":{"line":202,"column":30}},"112":{"start":{"line":204,"column":6},"end":{"line":206,"column":7}},"113":{"start":{"line":205,"column":8},"end":{"line":205,"column":26}},"114":{"start":{"line":207,"column":6},"end":{"line":219,"column":7}},"115":{"start":{"line":208,"column":8},"end":{"line":214,"column":10}},"116":{"start":{"line":215,"column":8},"end":{"line":215,"column":22}},"117":{"start":{"line":217,"column":8},"end":{"line":217,"column":26}},"118":{"start":{"line":218,"column":8},"end":{"line":218,"column":34}},"119":{"start":{"line":220,"column":6},"end":{"line":220,"column":19}},"120":{"start":{"line":221,"column":6},"end":{"line":245,"column":8}},"121":{"start":{"line":223,"column":10},"end":{"line":223,"column":39}},"122":{"start":{"line":224,"column":10},"end":{"line":224,"column":24}},"123":{"start":{"line":225,"column":10},"end":{"line":242,"column":11}},"124":{"start":{"line":226,"column":12},"end":{"line":226,"column":32}},"125":{"start":{"line":227,"column":12},"end":{"line":231,"column":13}},"126":{"start":{"line":228,"column":14},"end":{"line":230,"column":16}},"127":{"start":{"line":232,"column":12},"end":{"line":234,"column":13}},"128":{"start":{"line":233,"column":14},"end":{"line":233,"column":154}},"129":{"start":{"line":235,"column":12},"end":{"line":235,"column":85}},"130":{"start":{"line":236,"column":12},"end":{"line":236,"column":57}},"131":{"start":{"line":237,"column":12},"end":{"line":241,"column":15}},"132":{"start":{"line":243,"column":10},"end":{"line":243,"column":26}},"133":{"start":{"line":246,"column":6},"end":{"line":303,"column":16}},"134":{"start":{"line":253,"column":8},"end":{"line":302,"column":10}},"135":{"start":{"line":254,"column":10},"end":{"line":254,"column":69}},"136":{"start":{"line":255,"column":10},"end":{"line":257,"column":11}},"137":{"start":{"line":256,"column":12},"end":{"line":256,"column":27}},"138":{"start":{"line":258,"column":10},"end":{"line":260,"column":11}},"139":{"start":{"line":259,"column":12},"end":{"line":259,"column":27}},"140":{"start":{"line":261,"column":10},"end":{"line":263,"column":11}},"141":{"start":{"line":262,"column":12},"end":{"line":262,"column":42}},"142":{"start":{"line":264,"column":10},"end":{"line":264,"column":73}},"143":{"start":{"line":265,"column":10},"end":{"line":286,"column":15}},"144":{"start":{"line":266,"column":12},"end":{"line":266,"column":35}},"145":{"start":{"line":267,"column":12},"end":{"line":267,"column":26}},"146":{"start":{"line":268,"column":12},"end":{"line":284,"column":13}},"147":{"start":{"line":269,"column":14},"end":{"line":269,"column":34}},"148":{"start":{"line":270,"column":14},"end":{"line":270,"column":59}},"149":{"start":{"line":271,"column":14},"end":{"line":271,"column":34}},"150":{"start":{"line":272,"column":14},"end":{"line":283,"column":18}},"151":{"start":{"line":273,"column":16},"end":{"line":273,"column":41}},"152":{"start":{"line":274,"column":16},"end":{"line":274,"column":28}},"153":{"start":{"line":275,"column":16},"end":{"line":278,"column":17}},"154":{"start":{"line":276,"column":18},"end":{"line":276,"column":38}},"155":{"start":{"line":277,"column":18},"end":{"line":277,"column":42}},"156":{"start":{"line":279,"column":16},"end":{"line":281,"column":17}},"157":{"start":{"line":280,"column":18},"end":{"line":280,"column":46}},"158":{"start":{"line":282,"column":16},"end":{"line":282,"column":30}},"159":{"start":{"line":285,"column":12},"end":{"line":285,"column":28}},"160":{"start":{"line":287,"column":10},"end":{"line":296,"column":11}},"161":{"start":{"line":288,"column":12},"end":{"line":295,"column":13}},"162":{"start":{"line":289,"column":14},"end":{"line":289,"column":92}},"163":{"start":{"line":290,"column":14},"end":{"line":290,"column":91}},"164":{"start":{"line":291,"column":14},"end":{"line":291,"column":35}},"165":{"start":{"line":293,"column":14},"end":{"line":293,"column":79}},"166":{"start":{"line":294,"column":14},"end":{"line":294,"column":29}},"167":{"start":{"line":297,"column":10},"end":{"line":300,"column":11}},"168":{"start":{"line":298,"column":12},"end":{"line":298,"column":30}},"169":{"start":{"line":299,"column":12},"end":{"line":299,"column":43}},"170":{"start":{"line":301,"column":10},"end":{"line":301,"column":34}},"171":{"start":{"line":306,"column":4},"end":{"line":308,"column":6}},"172":{"start":{"line":307,"column":6},"end":{"line":307,"column":35}},"173":{"start":{"line":310,"column":4},"end":{"line":315,"column":6}},"174":{"start":{"line":311,"column":6},"end":{"line":314,"column":13}},"175":{"start":{"line":317,"column":4},"end":{"line":322,"column":6}},"176":{"start":{"line":318,"column":6},"end":{"line":321,"column":13}},"177":{"start":{"line":324,"column":4},"end":{"line":329,"column":6}},"178":{"start":{"line":325,"column":6},"end":{"line":328,"column":13}},"179":{"start":{"line":331,"column":4},"end":{"line":356,"column":6}},"180":{"start":{"line":332,"column":6},"end":{"line":332,"column":22}},"181":{"start":{"line":333,"column":6},"end":{"line":335,"column":7}},"182":{"start":{"line":334,"column":8},"end":{"line":334,"column":18}},"183":{"start":{"line":336,"column":6},"end":{"line":339,"column":7}},"184":{"start":{"line":337,"column":8},"end":{"line":337,"column":18}},"185":{"start":{"line":338,"column":8},"end":{"line":338,"column":18}},"186":{"start":{"line":340,"column":6},"end":{"line":344,"column":7}},"187":{"start":{"line":341,"column":8},"end":{"line":343,"column":10}},"188":{"start":{"line":345,"column":6},"end":{"line":345,"column":25}},"189":{"start":{"line":346,"column":6},"end":{"line":346,"column":37}},"190":{"start":{"line":347,"column":6},"end":{"line":349,"column":7}},"191":{"start":{"line":348,"column":8},"end":{"line":348,"column":50}},"192":{"start":{"line":350,"column":6},"end":{"line":355,"column":9}},"193":{"start":{"line":354,"column":8},"end":{"line":354,"column":79}},"194":{"start":{"line":358,"column":4},"end":{"line":374,"column":6}},"195":{"start":{"line":359,"column":6},"end":{"line":359,"column":26}},"196":{"start":{"line":360,"column":6},"end":{"line":362,"column":7}},"197":{"start":{"line":361,"column":8},"end":{"line":361,"column":18}},"198":{"start":{"line":363,"column":6},"end":{"line":363,"column":51}},"199":{"start":{"line":364,"column":6},"end":{"line":366,"column":7}},"200":{"start":{"line":365,"column":8},"end":{"line":365,"column":93}},"201":{"start":{"line":367,"column":6},"end":{"line":373,"column":9}},"202":{"start":{"line":370,"column":8},"end":{"line":372,"column":21}},"203":{"start":{"line":371,"column":10},"end":{"line":371,"column":70}},"204":{"start":{"line":376,"column":4},"end":{"line":404,"column":6}},"205":{"start":{"line":377,"column":6},"end":{"line":377,"column":26}},"206":{"start":{"line":378,"column":6},"end":{"line":380,"column":7}},"207":{"start":{"line":379,"column":8},"end":{"line":379,"column":18}},"208":{"start":{"line":381,"column":6},"end":{"line":381,"column":51}},"209":{"start":{"line":382,"column":6},"end":{"line":384,"column":7}},"210":{"start":{"line":383,"column":8},"end":{"line":383,"column":79}},"211":{"start":{"line":385,"column":6},"end":{"line":403,"column":9}},"212":{"start":{"line":393,"column":8},"end":{"line":395,"column":9}},"213":{"start":{"line":394,"column":10},"end":{"line":394,"column":25}},"214":{"start":{"line":396,"column":8},"end":{"line":398,"column":9}},"215":{"start":{"line":397,"column":10},"end":{"line":397,"column":32}},"216":{"start":{"line":399,"column":8},"end":{"line":401,"column":9}},"217":{"start":{"line":400,"column":10},"end":{"line":400,"column":25}},"218":{"start":{"line":402,"column":8},"end":{"line":402,"column":71}},"219":{"start":{"line":406,"column":4},"end":{"line":431,"column":6}},"220":{"start":{"line":407,"column":6},"end":{"line":407,"column":26}},"221":{"start":{"line":408,"column":6},"end":{"line":410,"column":7}},"222":{"start":{"line":409,"column":8},"end":{"line":409,"column":18}},"223":{"start":{"line":411,"column":6},"end":{"line":411,"column":51}},"224":{"start":{"line":412,"column":6},"end":{"line":414,"column":7}},"225":{"start":{"line":413,"column":8},"end":{"line":413,"column":77}},"226":{"start":{"line":415,"column":6},"end":{"line":430,"column":9}},"227":{"start":{"line":420,"column":8},"end":{"line":422,"column":9}},"228":{"start":{"line":421,"column":10},"end":{"line":421,"column":25}},"229":{"start":{"line":423,"column":8},"end":{"line":425,"column":9}},"230":{"start":{"line":424,"column":10},"end":{"line":424,"column":33}},"231":{"start":{"line":426,"column":8},"end":{"line":428,"column":9}},"232":{"start":{"line":427,"column":10},"end":{"line":427,"column":25}},"233":{"start":{"line":429,"column":8},"end":{"line":429,"column":29}},"234":{"start":{"line":433,"column":4},"end":{"line":458,"column":6}},"235":{"start":{"line":434,"column":6},"end":{"line":434,"column":22}},"236":{"start":{"line":435,"column":6},"end":{"line":437,"column":7}},"237":{"start":{"line":436,"column":8},"end":{"line":436,"column":18}},"238":{"start":{"line":438,"column":6},"end":{"line":441,"column":7}},"239":{"start":{"line":439,"column":8},"end":{"line":439,"column":18}},"240":{"start":{"line":440,"column":8},"end":{"line":440,"column":18}},"241":{"start":{"line":442,"column":6},"end":{"line":446,"column":7}},"242":{"start":{"line":443,"column":8},"end":{"line":445,"column":10}},"243":{"start":{"line":447,"column":6},"end":{"line":447,"column":25}},"244":{"start":{"line":448,"column":6},"end":{"line":448,"column":42}},"245":{"start":{"line":449,"column":6},"end":{"line":451,"column":7}},"246":{"start":{"line":450,"column":8},"end":{"line":450,"column":50}},"247":{"start":{"line":452,"column":6},"end":{"line":457,"column":9}},"248":{"start":{"line":456,"column":8},"end":{"line":456,"column":92}},"249":{"start":{"line":460,"column":4},"end":{"line":482,"column":6}},"250":{"start":{"line":461,"column":6},"end":{"line":461,"column":26}},"251":{"start":{"line":462,"column":6},"end":{"line":464,"column":7}},"252":{"start":{"line":463,"column":8},"end":{"line":463,"column":18}},"253":{"start":{"line":465,"column":6},"end":{"line":465,"column":51}},"254":{"start":{"line":466,"column":6},"end":{"line":468,"column":7}},"255":{"start":{"line":467,"column":8},"end":{"line":467,"column":97}},"256":{"start":{"line":469,"column":6},"end":{"line":481,"column":9}},"257":{"start":{"line":473,"column":8},"end":{"line":480,"column":9}},"258":{"start":{"line":474,"column":10},"end":{"line":474,"column":25}},"259":{"start":{"line":476,"column":10},"end":{"line":479,"column":14}},"260":{"start":{"line":477,"column":12},"end":{"line":477,"column":57}},"261":{"start":{"line":478,"column":12},"end":{"line":478,"column":82}},"262":{"start":{"line":484,"column":4},"end":{"line":512,"column":6}},"263":{"start":{"line":485,"column":6},"end":{"line":485,"column":26}},"264":{"start":{"line":486,"column":6},"end":{"line":488,"column":7}},"265":{"start":{"line":487,"column":8},"end":{"line":487,"column":18}},"266":{"start":{"line":489,"column":6},"end":{"line":489,"column":51}},"267":{"start":{"line":490,"column":6},"end":{"line":492,"column":7}},"268":{"start":{"line":491,"column":8},"end":{"line":491,"column":83}},"269":{"start":{"line":493,"column":6},"end":{"line":511,"column":9}},"270":{"start":{"line":501,"column":8},"end":{"line":503,"column":9}},"271":{"start":{"line":502,"column":10},"end":{"line":502,"column":25}},"272":{"start":{"line":504,"column":8},"end":{"line":506,"column":9}},"273":{"start":{"line":505,"column":10},"end":{"line":505,"column":32}},"274":{"start":{"line":507,"column":8},"end":{"line":509,"column":9}},"275":{"start":{"line":508,"column":10},"end":{"line":508,"column":25}},"276":{"start":{"line":510,"column":8},"end":{"line":510,"column":76}},"277":{"start":{"line":514,"column":4},"end":{"line":539,"column":6}},"278":{"start":{"line":515,"column":6},"end":{"line":515,"column":26}},"279":{"start":{"line":516,"column":6},"end":{"line":518,"column":7}},"280":{"start":{"line":517,"column":8},"end":{"line":517,"column":18}},"281":{"start":{"line":519,"column":6},"end":{"line":519,"column":51}},"282":{"start":{"line":520,"column":6},"end":{"line":522,"column":7}},"283":{"start":{"line":521,"column":8},"end":{"
[...]
of Relationship) && (this._id === other._id);","    };","","    Relationship.prototype.toString = function() {","      return \"-[\" + this._id + \":\" + this.type + \"]-\";","    };","","    Relationship._fromRaw = function(obj) {","      var data, end, fromId, id, self, start, toId, type;","      if ((!obj) || (typeof obj !== 'object')) {","        return null;","      }","      data = obj.data, self = obj.self, type = obj.type, start = obj.start, end = obj.end;","      if ((!self) || (typeof self !== 'string') || (!type) || (typeof type !== 'string') || (!start) || (typeof start !== 'string') || (!end) || (typeof end !== 'string') || (!data) || (typeof data !== 'object')) {","        return null;","      }","      id = utils.parseId(self);","      fromId = utils.parseId(start);","      toId = utils.parseId(end);","      return new Relationship({","        _id: id,","        type: type,","        properties: data,","        _fromId: fromId,","        _toId: toId","      });","    };","","    return Relationship;","","  })();","","}).call(this);","","//# sourceMappingURL=Relationship.js.map",""],"l":{"2":1,"3":1,"5":1,"7":1,"8":1,"9":0,"10":0,"12":0,"15":1,"16":0,"19":1,"20":0,"23":1,"24":0,"25":0,"26":0,"28":0,"29":0,"30":0,"32":0,"33":0,"34":0,"35":0,"44":1}},"/home/travis/build/npmtest/node-npmtest-neo4j/node_modules/neo4j/lib-new/Transaction.js":{"path":"/home/travis/build/npmtest/node-npmtest-neo4j/node_modules/neo4j/lib-new/Transaction.js","s":{"1":1,"2":1,"3":1,"4":1,"5":1,"6":1,"7":1,"8":1,"9":0,"10":0,"11":0,"12":0,"13":0,"14":0,"15":1,"16":8,"17":8,"18":8,"19":8,"20":8,"21":8,"22":1,"23":26,"24":1,"25":13,"26":1,"27":13,"28":1,"29":13,"30":1,"31":13,"32":1,"33":13,"34":0,"35":13,"36":1,"37":26,"38":0,"39":26,"40":1,"41":13,"42":0,"43":0,"44":0,"45":0,"46":13,"47":1,"48":0,"49":0,"50":0,"51":0,"52":0,"53":0,"54":0,"55":0,"56":0,"57":0,"58":0,"59":0,"60":0,"61":0,"62":0,"63":0,"64":0,"65":0,"66":0,"67":0,"68":0,"69":1,"70":0,"71":1,"72":0,"73":1,"74":0,"75":1,"76":0,"77":0,"78":0,"79":0,"80":0,"81":0,"82":0,"83":0,"84":0,"85":0,"86":0,"87":0,"88":0,"89":0,"90":0,"91":0,"92":1},"b":{"1":[0,13],"2":[0,26],"3":[0,0,0,0,13],"4":[0,0],"5":[0,0,0,0],"6":[0,0],"7":[0,0],"8":[0,0],"9":[0,0],"10":[0,0],"11":[0,0],"12":[0,0],"13":[0,0],"14":[0,0]},"f":{"1":1,"2":1,"3":0,"4":8,"5":26,"6":13,"7":13,"8":13,"9":13,"10":13,"11":26,"12":13,"13":0,"14":0,"15":0,"16":0,"17":0,"18":0,"19":0,"20":0},"fnMap":{"1":{"name":"(anonymous_1)","line":2,"loc":{"start":{"line":2,"column":1},"end":{"line":2,"column":12}}},"2":{"name":"(anonymous_2)","line":11,"loc":{"start":{"line":11,"column":34},"end":{"line":11,"column":45}}},"3":{"name":"Transaction","line":14,"loc":{"start":{"line":14,"column":4},"end":{"line":14,"column":30}}},"4":{"name":"(anonymous_4)","line":23,"loc":{"start":{"line":23,"column":10},"end":{"line":23,"column":26}}},"5":{"name":"(anonymous_5)","line":38,"loc":{"start":{"line":38,"column":18},"end":{"line":38,"column":29}}},"6":{"name":"(anonymous_6)","line":44,"loc":{"start":{"line":44,"column":21},"end":{"line":44,"column":32}}},"7":{"name":"(anonymous_7)","line":50,"loc":{"start":{"line":50,"column":23},"end":{"line":50,"column":34}}},"8":{"name":"(anonymous_8)","line":56,"loc":{"start":{"line":56,"column":25},"end":{"line":56,"column":36}}},"9":{"name":"(anonymous_9)","line":62,"loc":{"start":{"line":62,"column":21},"end":{"line":62,"column":32}}},"10":{"name":"(anonymous_10)","line":68,"loc":{"start":{"line":68,"column":17},"end":{"line":68,"column":28}}},"11":{"name":"(anonymous_11)","line":78,"loc":{"start":{"line":78,"column":17},"end":{"line":78,"column":28}}},"12":{"name":"(anonymous_12)","line":88,"loc":{"start":{"line":88,"column":13},"end":{"line":88,"column":24}}},"13":{"name":"(anonymous_13)","line":104,"loc":{"start":{"line":104,"column":35},"end":{"line":104,"column":54}}},"14":{"name":"(anonymous_14)","line":109,"loc":{"start":{"line":109,"column":16},"end":{"line":109,"column":27}}},"15":{"name":"(anonymous_15)","line":125,"loc":{"start":{"line":125,"column":36},"end":{"line":125,"column":52}}},"16":{"name":"(anonymous_16)","line":126,"loc":{"start":{"line":126,"column":15},"end":{"line":126,"column":38}}},"17":{"name":"(anonymous_17)","line":141,"loc":{"start":{"line":141,"column":35},"end":{"line":141,"column":48}}},"18":{"name":"(anonymous_18)","line":147,"loc":{"start":{"line":147,"column":37},"end":{"line":147,"column":50}}},"19":{"name":"(anonymous_19)","line":153,"loc":{"start":{"line":153,"column":34},"end":{"line":153,"column":47}}},"20":{"name":"(anonymous_20)","line":157,"loc":{"start":{"line":157,"column":48},"end":{"line":157,"column":63}}}},"statementMap":{"1":{"start":{"line":2,"column":0},"end":{"line":185,"column":14}},"2":{"start":{"line":3,"column":2},"end":{"line":3,"column":48}},"3":{"start":{"line":5,"column":2},"end":{"line":5,"column":31}},"4":{"start":{"line":7,"column":2},"end":{"line":7,"column":29}},"5":{"start":{"line":9,"column":2},"end":{"line":9,"column":57}},"6":{"start":{"line":11,"column":2},"end":{"line":183,"column":7}},"7":{"start":{"line":12,"column":4},"end":{"line":12,"column":12}},"8":{"start":{"line":14,"column":4},"end":{"line":21,"column":5}},"9":{"start":{"line":15,"column":6},"end":{"line":15,"column":21}},"10":{"start":{"line":16,"column":6},"end":{"line":16,"column":22}},"11":{"start":{"line":17,"column":6},"end":{"line":17,"column":27}},"12":{"start":{"line":18,"column":6},"end":{"line":18,"column":28}},"13":{"start":{"line":19,"column":6},"end":{"line":19,"column":30}},"14":{"start":{"line":20,"column":6},"end":{"line":20,"column":31}},"15":{"start":{"line":23,"column":4},"end":{"line":35,"column":6}},"16":{"start":{"line":24,"column":6},"end":{"line":24,"column":33}},"17":{"start":{"line":25,"column":6},"end":{"line":25,"column":20}},"18":{"start":{"line":26,"column":6},"end":{"line":33,"column":7}},"19":{"start":{"line":27,"column":8},"end":{"line":27,"column":29}},"20":{"start":{"line":28,"column":8},"end":{"line":32,"column":12}},"21":{"start":{"line":34,"column":6},"end":{"line":34,"column":22}},"22":{"start":{"line":37,"column":4},"end":{"line":41,"column":7}},"23":{"start":{"line":39,"column":8},"end":{"line":39,"column":22}},"24":{"start":{"line":43,"column":4},"end":{"line":47,"column":7}},"25":{"start":{"line":45,"column":8},"end":{"line":45,"column":25}},"26":{"start":{"line":49,"column":4},"end":{"line":53,"column":7}},"27":{"start":{"line":51,"column":8},"end":{"line":51,"column":27}},"28":{"start":{"line":55,"column":4},"end":{"line":59,"column":7}},"29":{"start":{"line":57,"column":8},"end":{"line":57,"column":29}},"30":{"start":{"line":61,"column":4},"end":{"line":65,"column":7}},"31":{"start":{"line":63,"column":8},"end":{"line":63,"column":25}},"32":{"start":{"line":67,"column":4},"end":{"line":75,"column":7}},"33":{"start":{"line":69,"column":8},"end":{"line":73,"column":9}},"34":{"start":{"line":70,"column":10},"end":{"line":70,"column":41}},"35":{"start":{"line":72,"column":10},"end":{"line":72,"column":41}},"36":{"start":{"line":77,"column":4},"end":{"line":85,"column":7}},"37":{"start":{"line":79,"column":8},"end":{"line":83,"column":9}},"38":{"start":{"line":80,"column":10},"end":{"line":80,"column":45}},"39":{"start":{"line":82,"column":10},"end":{"line":82,"column":26}},"40":{"start":{"line":87,"column":4},"end":{"line":102,"column":7}},"41":{"start":{"line":89,"column":8},"end":{"line":100,"column":9}},"42":{"start":{"line":91,"column":12},"end":{"line":91,"column":38}},"43":{"start":{"line":93,"column":12},"end":{"line":93,"column":40}},"44":{"start":{"line":95,"column":12},"end":{"line":95,"column":42}},"45":{"start":{"line":97,"column":12},"end":{"line":97,"column":38}},"46":{"start":{"line":99,"column":12},"end":{"line":99,"column":35}},"47":{"start":{"line":104,"column":4},"end":{"line":139,"column":6}},"48":{"start":{"line":105,"column":6},"end":{"line":105,"column":17}},"49":{"start":{"line":106,"column":6},"end":{"line":108,"column":7}},"50":{"start":{"line":107,"column":8},"end":{"line":107,"column":18}},"51":{"start":{"line":109,"column":6},"end":{"line":120,"column":20}},"52":{"start":{"line":110,"column":8},"end":{"line":119,"column":9}},"53":{"start":{"line":112,"column":12},"end":{"line":112,"column":139}},"54":{"start":{"line":114,"column":12},"end":{"line":114,"column":271}},"55":{"start":{"line":116,"column":12},"end":{"line":116,"column":114}},"56":{"start":{"line":118,"column":12},"end":{"line":118,"column":275}},"57":{"start":{"line":121,"column":6},"end":{"line":123,"column":7}},"58":{"start":{"line":122,"column":8},"end":{"line":122,"column":45}},"59":{"start":{"line":124,"column":6},"end":{"line":124,"column":27}},"60":{"start":{"line":125,"column":6},"end":{"line":138,"column":22}},"61":{"start":{"line":126,"column":8},"end":{"line":137,"column":10}},"62":{"start":{"line":127,"column":10},"end":{"line":127,"column":33}},"63":{"start":{"line":128,"column":10},"end":{"line":130,"column":11}},"64":{"start":{"line":129,"column":12},"end":{"line":129,"column":36}},"65":{"start":{"line":131,"column":10},"end":{"line":135,"column":11}},"66":{"start":{"line":132,"column":12},"end":{"line":132,"column":36}},"67":{"start":{"line":134,"column":12},"end":{"line":134,"column":37}},"68":{"start":{"line":136,"column":10},"end":{"line":136,"column":34}},"69":{"start":{"line":141,"column":4},"end":{"line":145,"column":6}},"70":{"start":{"line":142,"column":6},"end":{"line":144,"column":13}},"71":{"start":{"line":147,"column":4},"end":{"line":151,"column":6}},"72":{"start":{"line":148,"column":6},"end":{"line":150,"column":13}},"73":{"start":{"line":153,"column":4},"end":{"line":155,"column":6}},"74":{"start":{"line":154,"column":6},"end":{"line":154,"column":33}},"75":{"start":{"line":157,"column":4},"end":{"line":179,"column":6}},"76":{"start":{"line":158,"column":6},"end":{"line":158,"column":65}},"77":{"start":{"line":159,"column":6},"end":{"line":161,"column":7}},"78":{"start":{"line":160,"column":8},"end":{"line":160,"column":66}},"79":{"start":{"line":162,"column":6},"end":{"line":162,"column":77}},"80":{"start":{"line":163,"column":6},"end":{"line":163,"column":37}},"81":{"start":{"line":164,"column":6},"end":{"line":167,"column":7}},"82":{"start":{"line":165,"column":8},"end":{"line":165,"column":40}},"83":{"start":{"line":166,"column":8},"end":{"line":166,"column":15}},"84":{"start":{"line":168,"column":6},"end":{"line":168,"column":52}},"85":{"start":{"line":169,"column":6},"end":{"line":171,"column":7}},"86":{"start":{"line":170,"column":8},"end":{"line":170,"column":15}},"87":{"start":{"line":172,"column":6},"end":{"line":174,"column":7}},"88":{"start":{"line":173,"column":8},"end":{"line":173,"column":118}},"89":{"start":{"line":175,"column":6},"end":{"line":177,"column":7}},"90":{"start":{"line":176,"column":8},"end":{"line":176,"column":105}},"91":{"start":{"line":178,"column":6},"end":{"line":178,"column":54}},"92":{"start":{"line":181,"column":4},"end":{"line":181,"column":23}}},"branchMap":{"1":{"line":69,"type":"if","locations":[{"start":{"line":69,"column":8},"end":{"line":69,"column":8}},{"start":{"line":69,"column":8},"end":{"line":69,"column":8}}]},"2":{"line":79,"type":"if","locations":[{"start":{"line":79,"column":8},"end":{"line":79,"column":8}},{"start":{"line":79,"column":8},"end":{"line":79,"column":8}}]},"3":{"line":89,"type":"switch","locations":[{"start":{"line":90,"column":10},"end":{"line":91,"column":38}},{"start":{"line":92,"column":10},"end":{"line":93,"column":40}},{"start":{"line":94,"column":10},"end":{"line":95,"column":42}},{"start":{"line":96,"column":10},"end":{"line":97,"column":38}},{"start":{"line":98,"column":10},"end":{"line":99,"column":35}}]},"4":{"line":106,"type":"if","locations":[{"start":{"line":106,"column":6},"end":{"line":106,"column":6}},{"start":{"line":106,"column":6},"end":{"line":106,"column":6}}]},"5":{"line":110,"type":"switch","locations":[{"start":{"line":111,"column":10},"end":{"line":112,"column":139}},{"start":{"line":113,"column":10},"end":{"line":114,"column":271}},{"start":{"line":115,"column":10},"end":{"line":116,"column":114}},{"start":{"line":117,"column":10},"end":{"line":118,"column":275}}]},"6":{"line":121,"type":"if","locations":[{"start":{"line":121,"column":6},"end":{"line":121,"column":6}},{"start":{"line":121,"column":6},"end":{"line":121,"column":6}}]},"7":{"line":128,"type":"if","locations":[{"start":{"line":128,"column":10},"end":{"line":128,"column":10}},{"start":{"line":128,"column":10},"end":{"line":128,"column":10}}]},"8":{"line":131,"type":"if","locations":[{"start":{"line":131,"column":10},"end":{"line":131,"column":10}},{"start":{"line":131,"column":10},"end":{"line":131,"column":10}}]},"9":{"line":131,"type":"binary-expr","locations":[{"start":{"line":131,"column":14},"end":{"line":131,"column":25}},{"start":{"line":131,"column":29},"end":{"line":131,"column":33}}]},"10":{"line":159,"type":"if","locations":[{"start":{"line":159,"column":6},"end":{"line":159,"column":6}},{"start":{"line":159,"column":6},"end":{"line":159,"column":6}}]},"11":{"line":164,"type":"if","locations":[{"start":{"line":164,"column":6},"end":{"line":164,"column":6}},{"start":{"line":164,"column":6},"end":{"line":164,"column":6}}]},"12":{"line":169,"type":"if","locations":[{"start":{"line":169,"column":6},"end":{"line":169,"column":6}},{"start":{"line":169,"column":6},"end":{"line":169,"column":6}}]},"13":{"line":172,"type":"if","locations":[{"start":{"line":172,"column":6},"end":{"line":172,"column":6}},{"start":{"line":172,"column":6},"end":{"line":172,"column":6}}]},"14":{"line":175,"type":"if","locations":[{"start":{"line":175,"column":6},"end":{"line":175,"column":6}},{"start":{"line":175,"column":6},"end":{"line":175,"column":6}}]}},"code":["// Generated by CoffeeScript 1.8.0","(function() {","  var FAR_FUTURE_MS, Transaction, errors, utils;","","  errors = require('./errors');","","  utils = require('./utils');","","  FAR_FUTURE_MS = Date.now() + 1000 * 60 * 60 * 24 * 365;","","  module.exports = Transaction = (function() {","    var get;","","    function Transaction(_db) {","      this._db = _db;","      this._id = null;","      this._expires = null;","      this._pending = false;","      this._committed = false;","      this._rolledBack = false;","    }","","    get = function(props) {","      var getter, name, _results;","      _results = [];","      for (name in props) {","        getter = props[name];","        _results.push(Object.defineProperty(Transaction.prototype, name, {","          configurable: true,","          enumerable: true,","          get: getter","        }));","      }","      return _results;","    };","","    get({","      STATE_OPEN: function() {","        return 'open';","      }","    });","","    get({","      STATE_PENDING: function() {","        return 'pending';","      }","    });","","    get({","      STATE_COMMITTED: function() {","        return 'committed';","      }","    });","","    get({","      STATE_ROLLED_BACK: function() {","        return 'rolled back';","      }","    });","","    get({","      STATE_EXPIRED: function() {","        return 'expired';","      }","    });","","    get({","      expiresAt: function() {","        if (this._expires) {","          return new Date(this._expires);","        } else {","          return new Date(FAR_FUTURE_MS);","        }","      }","    });","","    get({","      expiresIn: function() {","        if (this._expires) {","          return this.expiresAt - (new Date);","        } else {","          return Infinity;","        }","      }","    });","","    get({","      state: function() {","        switch (false) {","          case !this._pending:","            return this.STATE_PENDING;","          case !this._committed:","            return this.STATE_COMMITTED;","          case !this._rolledBack:","            return this.STATE_ROLLED_BACK;","          case !(this.expiresIn <= 0):","            return this.STATE_EXPIRED;","          default:","            return this.STATE_OPEN;","        }","      }","    });","","    Transaction.prototype.cypher = function(opts, cb) {","      var errMsg;","      if (opts == null) {","        opts = {};","      }","      errMsg = (function() {","        switch (this.state) {","          case this.STATE_PENDING:","            return 'A request within this transaction is currently in progress. Concurrent requests within a transaction are not allowed.';","          case this.STATE_EXPIRED:","            return 'This transaction has expired. You can get the expiration time of a transaction through its `expiresAt` (Date) and `expiresIn` (ms) properties. To prevent a transaction from expiring, execute any action or call `renew` before the transaction expires.';","          case this.STATE_COMMITTED:","            return 'This transaction has been committed. Transactions cannot be reused; begin a new one instead.';","          case this.STATE_ROLLED_BACK:","            return 'This transaction has been rolled back. Transactions get automatically rolled back on any DatabaseErrors, as well as any errors during a commit. That includes auto-commit queries (`{commit: true}`). Transactions cannot be reused; begin a new one instead.';","        }","      }).call(this);","      if (errMsg) {","        throw new errors.ClientError(errMsg);","      }","      this._pending = true;","      return this._db.cypher(opts, (function(_this) {","        return function(err, results) {","          _this._pending = false;","          if (_this._id) {","            return cb(err, results);","          }","          if (opts.commit && !err) {","            _this._committed = true;","          } else {","            _this._rolledBack = true;","          }","          return cb(err, results);","        };","      })(this), this);","    };","","    Transaction.prototype.commit = function(cb) {","      return this.cypher({","        commit: true","      }, cb);","    };","","    Transaction.prototype.rollback = function(cb) {","      return this.cypher({","        rollback: true","      }, cb);","    };","","    Transaction.prototype.renew = function(cb) {","      return this.cypher({}, cb);","    };","","    Transaction.prototype._updateFromResponse = function(resp) {","      var body, headers, statusCode, transaction, transactionURL;","      if (!resp) {","        throw new Error('Unexpected: no transactional response!');","      }","      body = resp.body, headers = resp.headers, statusCode = resp.statusCode;","      transaction = body.transaction;","      if (!transaction) {","        this._id = this._expires = null;","        return;","      }","      this._expires = new Date(transaction.expires);","      if (this._id) {","        return;","      }","      if (statusCode !== 201) {","        throw new Error('Unexpected: transaction returned by Neo4j, but it was never 201 Created, so we have no ID!');","      }","      if (!(transactionURL = headers['location'])) {","        throw new Error('Unexpected: transaction response is 201 Created, but with no Location header!');","      }","      return this._id = utils.parseId(transactionURL);","    };","","    return Transaction;","","  })();","","}).call(this);","","//# sourceMappingURL=Transaction.js.map",""],"l":{"2":1,"3":1,"5":1,"7":1,"9":1,"11":1,"12":1,"14":1,"15":0,"16":0,"17":0,"18":0,"19":0,"20":0,"23":1,"24":8,"25":8,"26":8,"27":8,"28":8,"34":8,"37":1,"39":26,"43":1,"45":13,"49":1,"51":13,"55":1,"57":13,"61":1,"63":13,"67":1,"69":13,"70":0,"72":13,"77":1,"79":26,"80":0,"82":26,"87":1,"89":13,"91":0,"93":0,"95":0,"97":0,"99":13,"104":1,"105":0,"106":0,"107":0,"109":0,"110":0,"112":0,"114":0,"116":0,"118":0,"121":0,"122":0,"124":0,"125":0,"126":0,"127":0,"128":0,"129":0,"131":0,"132":0,"134":0,"136":0,"141":1,"142":0,"147":1,"148":0,"153":1,"154":0,"157":1,"158":0,"159":0,"160":0,"162":0,"163":0,"164":0,"165":0,"166":0,"168":0,"169":0,"170":0,"172":0,"173":0,"175":0,"176":0,"178":0,"181":1}}}